<?xml version="1.0" encoding="UTF-8" ?>
<testsuites name="vitest tests" tests="250" failures="239" errors="0" time="436.6509298">
    <testsuite name="tests/challenge00.test.ts" timestamp="2026-09-21T04:51:50.968Z" hostname="DESKTOP-N3914BI" tests="6" failures="6" errors="0" skipped="0" time="0.1298529">
        <testcase classname="tests/challenge00.test.ts" name="Challenge 00: Infrastructure Bug Hunt &gt; Challenge 0a: Authorization &gt; Challenge 0a-1: an operator principal is rejected by an admin-only route guard, and an admin principal is accepted" time="0.0094064">
            <failure message="expected true to be false // Object.is equality" type="AssertionError">
AssertionError: expected true to be false // Object.is equality

- Expected
+ Received

- false
+ true

 ❯ tests/challenge00.test.ts:48:34
            </failure>
        </testcase>
        <testcase classname="tests/challenge00.test.ts" name="Challenge 00: Infrastructure Bug Hunt &gt; Challenge 0b: Replay protection &gt; Challenge 0b-1: a replayed nonce is rejected on the second use of the same signed request" time="0.0009561">
            <failure message="expected true to be false // Object.is equality" type="AssertionError">
AssertionError: expected true to be false // Object.is equality

- Expected
+ Received

- false
+ true

 ❯ tests/challenge00.test.ts:86:32
            </failure>
        </testcase>
        <testcase classname="tests/challenge00.test.ts" name="Challenge 00: Infrastructure Bug Hunt &gt; Challenge 0c: Async error handling &gt; Challenge 0c-1: a rejected promise from the wrapped handler reaches next(), not an unhandled rejection" time="0.1132789">
            <failure message="expected undefined to be Error: boom // Object.is equality" type="AssertionError">
AssertionError: expected undefined to be Error: boom // Object.is equality

- Expected: 
Error {
  &quot;message&quot;: &quot;boom&quot;,
}

+ Received: 
undefined

 ❯ tests/challenge00.test.ts:112:29
            </failure>
        </testcase>
        <testcase classname="tests/challenge00.test.ts" name="Challenge 00: Infrastructure Bug Hunt &gt; Challenge 0d: HTTP status codes &gt; Challenge 0d-1: UNAUTHORIZED is 401 and FORBIDDEN is 403, the literal values every HTTP client expects" time="0.001215">
            <failure message="expected 403 to be 401 // Object.is equality" type="AssertionError">
AssertionError: expected 403 to be 401 // Object.is equality

- Expected
+ Received

- 401
+ 403

 ❯ tests/challenge00.test.ts:119:39
            </failure>
        </testcase>
        <testcase classname="tests/challenge00.test.ts" name="Challenge 00: Infrastructure Bug Hunt &gt; Challenge 0e: Security headers &gt; Challenge 0e-1: the Content-Security-Policy header is actually sent under its correct name" time="0.0011348">
            <failure message="expected undefined to be &apos;default-src \&apos;none\&apos;&apos; // Object.is equality" type="AssertionError">
AssertionError: expected undefined to be &apos;default-src \&apos;none\&apos;&apos; // Object.is equality

- Expected: 
&quot;default-src &apos;none&apos;&quot;

+ Received: 
undefined

 ❯ tests/challenge00.test.ts:128:55
            </failure>
        </testcase>
        <testcase classname="tests/challenge00.test.ts" name="Challenge 00: Infrastructure Bug Hunt &gt; Challenge 0f: Response cache &gt; Challenge 0f-1: invalidate actually removes the cached entry" time="0.0023763">
            <failure message="expected &apos;value&apos; to be undefined" type="AssertionError">
AssertionError: expected &apos;value&apos; to be undefined

- Expected: 
undefined

+ Received: 
&quot;value&quot;

 ❯ tests/challenge00.test.ts:138:30
            </failure>
        </testcase>
    </testsuite>
    <testsuite name="tests/challenge00b.test.ts" timestamp="2026-09-21T04:51:50.975Z" hostname="DESKTOP-N3914BI" tests="24" failures="24" errors="0" skipped="0" time="9.4544565">
        <testcase classname="tests/challenge00b.test.ts" name="Challenge 00: Infrastructure Bug Hunt &gt; Challenge 0g: HTTP status codes &gt; Challenge 0g-1: every status code the API uses has its standard value" time="0.1496263">
            <failure message="expected 421 to be 412 // Object.is equality" type="AssertionError">
AssertionError: expected 421 to be 412 // Object.is equality

- Expected
+ Received

- 412
+ 421

 ❯ tests/challenge00b.test.ts:50:46
            </failure>
        </testcase>
        <testcase classname="tests/challenge00b.test.ts" name="Challenge 00: Infrastructure Bug Hunt &gt; Challenge 0h: Asset registry &gt; Challenge 0h-1: each asset has the exponent the specification gives it" time="0.0892797">
            <failure message="expected 2 to be 3 // Object.is equality" type="AssertionError">
AssertionError: expected 2 to be 3 // Object.is equality

- Expected
+ Received

- 3
+ 2

 ❯ tests/challenge00b.test.ts:63:40
            </failure>
        </testcase>
        <testcase classname="tests/challenge00b.test.ts" name="Challenge 00: Infrastructure Bug Hunt &gt; Challenge 0i: Response cache &gt; Challenge 0i-1: an entry lives for exactly its ttl in milliseconds and is gone afterwards" time="0.09166">
            <failure message="expected &apos;value&apos; to be undefined" type="AssertionError">
AssertionError: expected &apos;value&apos; to be undefined

- Expected: 
undefined

+ Received: 
&quot;value&quot;

 ❯ tests/challenge00b.test.ts:77:36
            </failure>
        </testcase>
        <testcase classname="tests/challenge00b.test.ts" name="Challenge 00: Infrastructure Bug Hunt &gt; Challenge 0j: Risk registry &gt; Challenge 0j-1: an order&apos;s risk reservation can be taken exactly once" time="0.0699903">
            <failure message="expected { Object (accountId, side, ...) } to be undefined" type="AssertionError">
AssertionError: expected { Object (accountId, side, ...) } to be undefined

- Expected: 
undefined

+ Received: 
{
  &quot;accountId&quot;: &quot;acct&quot;,
  &quot;quantity&quot;: 5n,
  &quot;side&quot;: &quot;buy&quot;,
}

 ❯ tests/challenge00b.test.ts:85:47
            </failure>
        </testcase>
        <testcase classname="tests/challenge00b.test.ts" name="Challenge 00: Infrastructure Bug Hunt &gt; Challenge 0j: Risk registry &gt; Challenge 0j-2: resetting the registry also disengages the kill switch" time="0.0734754">
            <failure message="expected true to be false // Object.is equality" type="AssertionError">
AssertionError: expected true to be false // Object.is equality

- Expected
+ Received

- false
+ true

 ❯ tests/challenge00b.test.ts:91:42
            </failure>
        </testcase>
        <testcase classname="tests/challenge00b.test.ts" name="Challenge 00: Infrastructure Bug Hunt &gt; Challenge 0j: Risk registry &gt; Challenge 0j-3: one account&apos;s limits never apply to another account" time="0.0630421">
            <failure message="expected { maxNotional: 5n, …(2) } to not deeply equal { maxNotional: 5n, …(2) }" type="AssertionError">
AssertionError: expected { maxNotional: 5n, …(2) } to not deeply equal { maxNotional: 5n, …(2) }

Compared values have no visual difference.

 ❯ tests/challenge00b.test.ts:99:47
            </failure>
        </testcase>
        <testcase classname="tests/challenge00b.test.ts" name="Challenge 00: Infrastructure Bug Hunt &gt; Challenge 0k: Matching engine service &gt; Challenge 0k-1: cancelling an order id that was never placed reports not found" time="0.0377717">
            <failure message="expected { found: true, cancelled: false } to deeply equal { found: false, cancelled: false }" type="AssertionError">
AssertionError: expected { found: true, cancelled: false } to deeply equal { found: false, cancelled: false }

- Expected
+ Received

  {
    &quot;cancelled&quot;: false,
-   &quot;found&quot;: false,
+   &quot;found&quot;: true,
  }

 ❯ tests/challenge00b.test.ts:106:45
            </failure>
        </testcase>
        <testcase classname="tests/challenge00b.test.ts" name="Challenge 00: Infrastructure Bug Hunt &gt; Challenge 0k: Matching engine service &gt; Challenge 0k-2: an empty market has no best bid and no best ask, not a zero price" time="0.0425074">
            <failure message="expected { bestBid: &apos;0&apos;, bestAsk: &apos;0&apos; } to deeply equal { bestBid: null, bestAsk: null }" type="AssertionError">
AssertionError: expected { bestBid: &apos;0&apos;, bestAsk: &apos;0&apos; } to deeply equal { bestBid: null, bestAsk: null }

- Expected
+ Received

  {
-   &quot;bestAsk&quot;: null,
-   &quot;bestBid&quot;: null,
+   &quot;bestAsk&quot;: &quot;0&quot;,
+   &quot;bestBid&quot;: &quot;0&quot;,
  }

 ❯ tests/challenge00b.test.ts:110:49
            </failure>
        </testcase>
        <testcase classname="tests/challenge00b.test.ts" name="Challenge 00: Infrastructure Bug Hunt &gt; Challenge 0l: Balances &gt; Challenge 0l-1: the balance endpoint reports total as available plus held" time="0.0873707">
            <failure message="expected { …(5) } to match object { available: &apos;70&apos;, held: &apos;30&apos;, …(1) }
(2 matching properties omitted from actual)" type="AssertionError">
AssertionError: expected { …(5) } to match object { available: &apos;70&apos;, held: &apos;30&apos;, …(1) }
(2 matching properties omitted from actual)

- Expected
+ Received

  {
    &quot;available&quot;: &quot;70&quot;,
    &quot;held&quot;: &quot;30&quot;,
-   &quot;total&quot;: &quot;100&quot;,
+   &quot;total&quot;: &quot;70&quot;,
  }

 ❯ tests/challenge00b.test.ts:121:34
            </failure>
        </testcase>
        <testcase classname="tests/challenge00b.test.ts" name="Challenge 00: Infrastructure Bug Hunt &gt; Challenge 0l: Balances &gt; Challenge 0l-2: the balance endpoint rejects a request that names no asset" time="0.0508864">
            <failure message="expected 200 to be 400 // Object.is equality" type="AssertionError">
AssertionError: expected 200 to be 400 // Object.is equality

- Expected
+ Received

- 400
+ 200

 ❯ tests/challenge00b.test.ts:127:31
            </failure>
        </testcase>
        <testcase classname="tests/challenge00b.test.ts" name="Challenge 00: Infrastructure Bug Hunt &gt; Challenge 0l: Balances &gt; Challenge 0l-3: updating an existing balance row writes both available and held" time="0.0422345">
            <failure message="expected { available: 4n, held: 3n } to deeply equal { available: 4n, held: 9n }" type="AssertionError">
AssertionError: expected { available: 4n, held: 3n } to deeply equal { available: 4n, held: 9n }

- Expected
+ Received

  {
    &quot;available&quot;: 4n,
-   &quot;held&quot;: 9n,
+   &quot;held&quot;: 3n,
  }

 ❯ tests/challenge00b.test.ts:136:56
            </failure>
        </testcase>
        <testcase classname="tests/challenge00b.test.ts" name="Challenge 00: Infrastructure Bug Hunt &gt; Challenge 0m: Idempotency &gt; Challenge 0m-1: reusing an idempotency key with a different body is a conflict, and with the same body replays the first result" time="0.0391443">
            <failure message="expected 2 to be 1 // Object.is equality" type="AssertionError">
AssertionError: expected 2 to be 1 // Object.is equality

- Expected
+ Received

- 1
+ 2

 ❯ tests/challenge00b.test.ts:151:20
            </failure>
        </testcase>
        <testcase classname="tests/challenge00b.test.ts" name="Challenge 00: Infrastructure Bug Hunt &gt; Challenge 0n: Account status &gt; Challenge 0n-1: an account id that was never registered is not treated as closed, and a closed one is" time="0.0336314">
            <failure message="promise rejected &quot;Error: Account no-such-account is closed { accountId: &apos;…&apos; }&quot; instead of resolving" type="AssertionError">
AssertionError: promise rejected &quot;Error: Account no-such-account is closed { accountId: &apos;…&apos; }&quot; instead of resolving
 ❯ tests/challenge00b.test.ts:159:53

Caused by: Caused by: Error: Account no-such-account is closed
 ❯ assertOpen src/repositories/accountsRepository.ts:31:11
 ❯ tests/challenge00b.test.ts:159:7

⎯⎯⎯⎯⎯⎯⎯⎯⎯⎯⎯⎯⎯⎯⎯⎯⎯⎯⎯⎯⎯⎯⎯⎯⎯⎯⎯⎯⎯⎯⎯⎯⎯⎯⎯⎯⎯⎯⎯⎯⎯⎯⎯⎯⎯⎯⎯⎯⎯⎯⎯⎯⎯⎯⎯⎯⎯⎯⎯⎯⎯⎯⎯⎯⎯⎯⎯⎯⎯⎯⎯⎯⎯⎯⎯⎯⎯⎯⎯⎯⎯⎯⎯⎯⎯⎯⎯⎯⎯⎯⎯⎯⎯⎯⎯⎯⎯⎯⎯⎯⎯⎯⎯⎯⎯⎯⎯⎯⎯⎯⎯⎯⎯⎯⎯
Serialized Error: { accountId: &apos;no-such-account&apos; }
            </failure>
        </testcase>
        <testcase classname="tests/challenge00b.test.ts" name="Challenge 00: Infrastructure Bug Hunt &gt; Challenge 0n: Account status &gt; Challenge 0n-2: a newly created account is active" time="0.0406843">
            <failure message="expected &apos;pending&apos; to be &apos;active&apos; // Object.is equality" type="AssertionError">
AssertionError: expected &apos;pending&apos; to be &apos;active&apos; // Object.is equality

Expected: &quot;active&quot;
Received: &quot;pending&quot;

 ❯ tests/challenge00b.test.ts:169:26
            </failure>
        </testcase>
        <testcase classname="tests/challenge00b.test.ts" name="Challenge 00: Infrastructure Bug Hunt &gt; Challenge 0o: Account creation &gt; Challenge 0o-1: an account with an unknown type is rejected" time="0.0395933">
            <failure message="expected 201 to be 400 // Object.is equality" type="AssertionError">
AssertionError: expected 201 to be 400 // Object.is equality

- Expected
+ Received

- 400
+ 201

 ❯ tests/challenge00b.test.ts:176:31
            </failure>
        </testcase>
        <testcase classname="tests/challenge00b.test.ts" name="Challenge 00: Infrastructure Bug Hunt &gt; Challenge 0o: Account creation &gt; Challenge 0o-2: an account with a blank name is rejected" time="0.0429069">
            <failure message="expected 201 to be 400 // Object.is equality" type="AssertionError">
AssertionError: expected 201 to be 400 // Object.is equality

- Expected
+ Received

- 400
+ 201

 ❯ tests/challenge00b.test.ts:181:31
            </failure>
        </testcase>
        <testcase classname="tests/challenge00b.test.ts" name="Challenge 00: Infrastructure Bug Hunt &gt; Challenge 0o: Account creation &gt; Challenge 0o-3: two accounts may share a name" time="4.0440419">
            <failure message="Response timeout of 4000ms exceeded" type="Error">
Error: Response timeout of 4000ms exceeded
 ❯ Test._timeoutError node_modules/superagent/src/request-base.js:748:17
 ❯ Timeout.&lt;anonymous&gt; node_modules/superagent/src/request-base.js:771:12

⎯⎯⎯⎯⎯⎯⎯⎯⎯⎯⎯⎯⎯⎯⎯⎯⎯⎯⎯⎯⎯⎯⎯⎯⎯⎯⎯⎯⎯⎯⎯⎯⎯⎯⎯⎯⎯⎯⎯⎯⎯⎯⎯⎯⎯⎯⎯⎯⎯⎯⎯⎯⎯⎯⎯⎯⎯⎯⎯⎯⎯⎯⎯⎯⎯⎯⎯⎯⎯⎯⎯⎯⎯⎯⎯⎯⎯⎯⎯⎯⎯⎯⎯⎯⎯⎯⎯⎯⎯⎯⎯⎯⎯⎯⎯⎯⎯⎯⎯⎯⎯⎯⎯⎯⎯⎯⎯⎯⎯⎯⎯⎯⎯⎯⎯
Serialized Error: { timeout: 4000, code: &apos;ECONNABORTED&apos;, errno: &apos;ETIMEDOUT&apos;, response: undefined }
            </failure>
        </testcase>
        <testcase classname="tests/challenge00b.test.ts" name="Challenge 00: Infrastructure Bug Hunt &gt; Challenge 0p: Order validation &gt; Challenge 0p-1: an order with a zero quantity or a zero price is rejected before it reaches the engine" time="0.0420583">
            <failure message="expected 409 to be 400 // Object.is equality" type="AssertionError">
AssertionError: expected 409 to be 400 // Object.is equality

- Expected
+ Received

- 400
+ 409

 ❯ tests/challenge00b.test.ts:196:35
            </failure>
        </testcase>
        <testcase classname="tests/challenge00b.test.ts" name="Challenge 00: Infrastructure Bug Hunt &gt; Challenge 0q: Risk limits validation &gt; Challenge 0q-1: a negative or fractional open-order limit is rejected" time="0.050463">
            <failure message="expected 200 to be 400 // Object.is equality" type="AssertionError">
AssertionError: expected 200 to be 400 // Object.is equality

- Expected
+ Received

- 400
+ 200

 ❯ tests/challenge00b.test.ts:207:31
            </failure>
        </testcase>
        <testcase classname="tests/challenge00b.test.ts" name="Challenge 00: Infrastructure Bug Hunt &gt; Challenge 0r: Market data input &gt; Challenge 0r-1: a trade with a non-numeric price or quantity is a 400, not a crash" time="4.0382612">
            <failure message="Response timeout of 4000ms exceeded" type="Error">
Error: Response timeout of 4000ms exceeded
 ❯ Test._timeoutError node_modules/superagent/src/request-base.js:748:17
 ❯ Timeout.&lt;anonymous&gt; node_modules/superagent/src/request-base.js:771:12

⎯⎯⎯⎯⎯⎯⎯⎯⎯⎯⎯⎯⎯⎯⎯⎯⎯⎯⎯⎯⎯⎯⎯⎯⎯⎯⎯⎯⎯⎯⎯⎯⎯⎯⎯⎯⎯⎯⎯⎯⎯⎯⎯⎯⎯⎯⎯⎯⎯⎯⎯⎯⎯⎯⎯⎯⎯⎯⎯⎯⎯⎯⎯⎯⎯⎯⎯⎯⎯⎯⎯⎯⎯⎯⎯⎯⎯⎯⎯⎯⎯⎯⎯⎯⎯⎯⎯⎯⎯⎯⎯⎯⎯⎯⎯⎯⎯⎯⎯⎯⎯⎯⎯⎯⎯⎯⎯⎯⎯⎯⎯⎯⎯⎯⎯
Serialized Error: { timeout: 4000, code: &apos;ECONNABORTED&apos;, errno: &apos;ETIMEDOUT&apos;, response: undefined }
            </failure>
        </testcase>
        <testcase classname="tests/challenge00b.test.ts" name="Challenge 00: Infrastructure Bug Hunt &gt; Challenge 0s: Error handling &gt; Challenge 0s-1: a malformed JSON body is a 400 in the standard error envelope" time="0.0429583">
            <system-err>
SyntaxError: Unexpected end of JSON input
    at JSON.parse (&lt;anonymous&gt;)
    at parse [90m(D:\Projects\DevQuest\ac6c08fc-c7f9-4a56-a6f9-ed7d4361b636\[39mnode_modules\[4mbody-parser[24m\lib\types\json.js:96:19[90m)[39m
    at [90mD:\Projects\DevQuest\ac6c08fc-c7f9-4a56-a6f9-ed7d4361b636\[39mnode_modules\[4mbody-parser[24m\lib\read.js:128:18
[90m    at AsyncResource.runInAsyncScope (node:async_hooks:211:14)[39m
    at invokeCallback [90m(D:\Projects\DevQuest\ac6c08fc-c7f9-4a56-a6f9-ed7d4361b636\[39mnode_modules\[4mraw-body[24m\index.js:238:16[90m)[39m
    at done [90m(D:\Projects\DevQuest\ac6c08fc-c7f9-4a56-a6f9-ed7d4361b636\[39mnode_modules\[4mraw-body[24m\index.js:227:7[90m)[39m
    at IncomingMessage.onEnd [90m(D:\Projects\DevQuest\ac6c08fc-c7f9-4a56-a6f9-ed7d4361b636\[39mnode_modules\[4mraw-body[24m\index.js:287:7[90m)[39m
[90m    at IncomingMessage.emit (node:events:507:28)[39m
[90m    at endReadableNT (node:internal/streams/readable:1696:12)[39m
[90m    at processTicksAndRejections (node:internal/process/task_queues:90:21)[39m {
  expose: [33mtrue[39m,
  statusCode: [33m400[39m,
  status: [33m400[39m,
  body: [32m&apos;{&quot;type&quot;: &quot;asset&quot;, &quot;name&quot;: &apos;[39m,
  type: [32m&apos;entity.parse.failed&apos;[39m
}

            </system-err>
            <failure message="expected 500 to be 400 // Object.is equality" type="AssertionError">
AssertionError: expected 500 to be 400 // Object.is equality

- Expected
+ Received

- 400
+ 500

 ❯ tests/challenge00b.test.ts:225:31
            </failure>
        </testcase>
        <testcase classname="tests/challenge00b.test.ts" name="Challenge 00: Infrastructure Bug Hunt &gt; Challenge 0t: Dashboard request signing &gt; Challenge 0t-1: the dashboard signs a request exactly as the server verifies it" time="0.0369796">
            <failure message="expected &apos;12c04a420b389527de60b5135b6004ce63691…&apos; to be &apos;16abcf2c72454d8dac808c6a8d61327e37407…&apos; // Object.is equality" type="AssertionError">
AssertionError: expected &apos;12c04a420b389527de60b5135b6004ce63691…&apos; to be &apos;16abcf2c72454d8dac808c6a8d61327e37407…&apos; // Object.is equality

Expected: &quot;16abcf2c72454d8dac808c6a8d61327e374072672d5f104f1e63389a6b00de91&quot;
Received: &quot;12c04a420b389527de60b5135b6004ce6369155259564d4c606218757d7d4bca&quot;

 ❯ tests/challenge00b.test.ts:240:35
            </failure>
        </testcase>
        <testcase classname="tests/challenge00b.test.ts" name="Challenge 00: Infrastructure Bug Hunt &gt; Challenge 0u: Dashboard page wiring &gt; Challenge 0u-1: every element the dashboard script looks up exists in the page" time="0.0304771">
            <failure message="index.html has no element with id &quot;market-input&quot;: expected false to be true // Object.is equality" type="AssertionError">
AssertionError: index.html has no element with id &quot;market-input&quot;: expected false to be true // Object.is equality

- Expected
+ Received

- true
+ false

 ❯ tests/challenge00b.test.ts:258:90
            </failure>
        </testcase>
        <testcase classname="tests/challenge00b.test.ts" name="Challenge 00: Infrastructure Bug Hunt &gt; Challenge 0v: Project scripts &gt; Challenge 0v-1: the delete-db script removes the database file the application actually uses" time="0.0287732">
            <failure message="expected &apos;del-cli main.sqlite&apos; to match /main\.sqlite3(\s|$)/" type="AssertionError">
AssertionError: expected &apos;del-cli main.sqlite&apos; to match /main\.sqlite3(\s|$)/

- Expected: 
/main\.sqlite3(\s|$)/

+ Received: 
&quot;del-cli main.sqlite&quot;

 ❯ tests/challenge00b.test.ts:268:40
            </failure>
        </testcase>
    </testsuite>
    <testsuite name="tests/challenge00c.test.ts" timestamp="2026-09-21T04:51:51.002Z" hostname="DESKTOP-N3914BI" tests="6" failures="6" errors="0" skipped="0" time="0.4050327">
        <testcase classname="tests/challenge00c.test.ts" name="Challenge 00: Infrastructure Bug Hunt &gt; Challenge 0w: Concurrency &gt; Challenge 0w-1: requests sharing an idempotency key that arrive together run the operation once and agree on the result" time="0.1441591">
            <failure message="expected 6 to be 1 // Object.is equality" type="AssertionError">
AssertionError: expected 6 to be 1 // Object.is equality

- Expected
+ Received

- 1
+ 6

 ❯ tests/challenge00c.test.ts:43:20
            </failure>
        </testcase>
        <testcase classname="tests/challenge00c.test.ts" name="Challenge 00: Infrastructure Bug Hunt &gt; Challenge 0x: Asset registry &gt; Challenge 0x-1: changing an asset returned by the registry never changes the registry" time="0.0314328">
            <failure message="expected { code: &apos;USD&apos;, name: &apos;changed&apos;, …(1) } to deeply equal { Object (code, name, ...) }" type="AssertionError">
AssertionError: expected { code: &apos;USD&apos;, name: &apos;changed&apos;, …(1) } to deeply equal { Object (code, name, ...) }

- Expected
+ Received

  {
    &quot;code&quot;: &quot;USD&quot;,
-   &quot;exponent&quot;: 2,
-   &quot;name&quot;: &quot;US Dollar&quot;,
+   &quot;exponent&quot;: 77,
+   &quot;name&quot;: &quot;changed&quot;,
  }

 ❯ tests/challenge00c.test.ts:56:31
            </failure>
        </testcase>
        <testcase classname="tests/challenge00c.test.ts" name="Challenge 00: Infrastructure Bug Hunt &gt; Challenge 0x: Asset registry &gt; Challenge 0x-2: property — an asset code is known exactly when it can be looked up" time="0.0335199">
            <failure message="Property failed after 1 tests
{ seed: -1035113796, path: &quot;0&quot;, endOnFailure: true }
Counterexample: [&quot;eur&quot;]
Shrunk 0 time(s)
Got AssertionError: expected true to be false // Object.is equality
    at D:\Projects\DevQuest\ac6c08fc-c7f9-4a56-a6f9-ed7d4361b636\tests\challenge00c.test.ts:69:38
    at Property.predicate (file:///D:/Projects/DevQuest/ac6c08fc-c7f9-4a56-a6f9-ed7d4361b636/node_modules/fast-check/lib/esm/check/property/Property.js:14:54)
    at Property.run (file:///D:/Projects/DevQuest/ac6c08fc-c7f9-4a56-a6f9-ed7d4361b636/node_modules/fast-check/lib/esm/check/property/Property.generic.js:46:33)
    at runIt (file:///D:/Projects/DevQuest/ac6c08fc-c7f9-4a56-a6f9-ed7d4361b636/node_modules/fast-check/lib/esm/check/runner/Runner.js:18:30)
    at check (file:///D:/Projects/DevQuest/ac6c08fc-c7f9-4a56-a6f9-ed7d4361b636/node_modules/fast-check/lib/esm/check/runner/Runner.js:62:11)
    at Module.assert (file:///D:/Projects/DevQuest/ac6c08fc-c7f9-4a56-a6f9-ed7d4361b636/node_modules/fast-check/lib/esm/check/runner/Runner.js:65:17)
    at D:\Projects\DevQuest\ac6c08fc-c7f9-4a56-a6f9-ed7d4361b636\tests\challenge00c.test.ts:61:10
    at file:///D:/Projects/DevQuest/ac6c08fc-c7f9-4a56-a6f9-ed7d4361b636/node_modules/@vitest/runner/dist/chunk-hooks.js:155:11
    at file:///D:/Projects/DevQuest/ac6c08fc-c7f9-4a56-a6f9-ed7d4361b636/node_modules/@vitest/runner/dist/chunk-hooks.js:752:26
    at file:///D:/Projects/DevQuest/ac6c08fc-c7f9-4a56-a6f9-ed7d4361b636/node_modules/@vitest/runner/dist/chunk-hooks.js:1897:20

Hint: Enable verbose mode in order to have the list of all failing values encountered during the run" type="Error">
Error: Property failed after 1 tests
{ seed: -1035113796, path: &quot;0&quot;, endOnFailure: true }
Counterexample: [&quot;eur&quot;]
Shrunk 0 time(s)
Got AssertionError: expected true to be false // Object.is equality
    at D:\Projects\DevQuest\ac6c08fc-c7f9-4a56-a6f9-ed7d4361b636\tests\challenge00c.test.ts:69:38
    at Property.predicate (file:///D:/Projects/DevQuest/ac6c08fc-c7f9-4a56-a6f9-ed7d4361b636/node_modules/fast-check/lib/esm/check/property/Property.js:14:54)
    at Property.run (file:///D:/Projects/DevQuest/ac6c08fc-c7f9-4a56-a6f9-ed7d4361b636/node_modules/fast-check/lib/esm/check/property/Property.generic.js:46:33)
    at runIt (file:///D:/Projects/DevQuest/ac6c08fc-c7f9-4a56-a6f9-ed7d4361b636/node_modules/fast-check/lib/esm/check/runner/Runner.js:18:30)
    at check (file:///D:/Projects/DevQuest/ac6c08fc-c7f9-4a56-a6f9-ed7d4361b636/node_modules/fast-check/lib/esm/check/runner/Runner.js:62:11)
    at Module.assert (file:///D:/Projects/DevQuest/ac6c08fc-c7f9-4a56-a6f9-ed7d4361b636/node_modules/fast-check/lib/esm/check/runner/Runner.js:65:17)
    at D:\Projects\DevQuest\ac6c08fc-c7f9-4a56-a6f9-ed7d4361b636\tests\challenge00c.test.ts:61:10
    at file:///D:/Projects/DevQuest/ac6c08fc-c7f9-4a56-a6f9-ed7d4361b636/node_modules/@vitest/runner/dist/chunk-hooks.js:155:11
    at file:///D:/Projects/DevQuest/ac6c08fc-c7f9-4a56-a6f9-ed7d4361b636/node_modules/@vitest/runner/dist/chunk-hooks.js:752:26
    at file:///D:/Projects/DevQuest/ac6c08fc-c7f9-4a56-a6f9-ed7d4361b636/node_modules/@vitest/runner/dist/chunk-hooks.js:1897:20

Hint: Enable verbose mode in order to have the list of all failing values encountered during the run
 ❯ tests/challenge00c.test.ts:69:38
 ❯ Property.predicate node_modules/fast-check/lib/esm/check/property/Property.js:14:54
 ❯ Property.run node_modules/fast-check/lib/esm/check/property/Property.generic.js:46:33
 ❯ runIt node_modules/fast-check/lib/esm/check/runner/Runner.js:18:30
 ❯ check node_modules/fast-check/lib/esm/check/runner/Runner.js:62:11
 ❯ Module.assert node_modules/fast-check/lib/esm/check/runner/Runner.js:65:17
 ❯ tests/challenge00c.test.ts:61:10
 ❯ buildError node_modules/fast-check/lib/esm/check/runner/utils/RunDetailsFormatter.js:126:15
 ❯ throwIfFailed node_modules/fast-check/lib/esm/check/runner/utils/RunDetailsFormatter.js:138:11
 ❯ reportRunDetails node_modules/fast-check/lib/esm/check/runner/utils/RunDetailsFormatter.js:151:16
 ❯ Module.assert node_modules/fast-check/lib/esm/check/runner/Runner.js:69:9
 ❯ tests/challenge00c.test.ts:61:10
            </failure>
        </testcase>
        <testcase classname="tests/challenge00c.test.ts" name="Challenge 00: Infrastructure Bug Hunt &gt; Challenge 0y: Large balances &gt; Challenge 0y-1: balances beyond 2^53 are stored and read back exactly" time="0.0643813">
            <failure message="expected { …(2) } to deeply equal { …(2) }" type="AssertionError">
AssertionError: expected { …(2) } to deeply equal { …(2) }

- Expected
+ Received

  {
-   &quot;available&quot;: 4611686018427387905n,
-   &quot;held&quot;: 1152921504606846979n,
+   &quot;available&quot;: 4611686018427387904n,
+   &quot;held&quot;: 1152921504606846976n,
  }

 ❯ tests/challenge00c.test.ts:84:56
            </failure>
        </testcase>
        <testcase classname="tests/challenge00c.test.ts" name="Challenge 00: Infrastructure Bug Hunt &gt; Challenge 0z: Cleanup and shared state &gt; Challenge 0z-1: expired cache entries are removed when they are read, not kept forever" time="0.0337299">
            <failure message="expected +0 to be undefined" type="AssertionError">
AssertionError: expected +0 to be undefined

- Expected: 
undefined

+ Received: 
0

 ❯ tests/challenge00c.test.ts:96:69
            </failure>
        </testcase>
        <testcase classname="tests/challenge00c.test.ts" name="Challenge 00: Infrastructure Bug Hunt &gt; Challenge 0z: Cleanup and shared state &gt; Challenge 0z-2: the risk state handed out for an account with no activity is private to the caller" time="0.0347653">
            <failure message="expected { openOrderCount: 7, …(1) } to deeply equal { openOrderCount: +0, …(1) }" type="AssertionError">
AssertionError: expected { openOrderCount: 7, …(1) } to deeply equal { openOrderCount: +0, …(1) }

- Expected
+ Received

  {
-   &quot;committedExposure&quot;: 0n,
-   &quot;openOrderCount&quot;: 0,
+   &quot;committedExposure&quot;: 9n,
+   &quot;openOrderCount&quot;: 7,
  }

 ❯ tests/challenge00c.test.ts:105:48
            </failure>
        </testcase>
    </testsuite>
    <testsuite name="tests/challenge01.test.ts" timestamp="2026-09-21T04:51:51.006Z" hostname="DESKTOP-N3914BI" tests="23" failures="23" errors="0" skipped="0" time="29.496987">
        <testcase classname="tests/challenge01.test.ts" name="Challenge 01: Money, Assets and Authenticated Identity &gt; Challenge 1a: Asset registry and strict amount parsing &gt; Challenge 1a-1: known assets round-trip through the minor-unit parser" time="0.1016781">
            <failure message="parseAmount is not implemented yet." type="Error">
Error: parseAmount is not implemented yet.
 ❯ parseAmount src/domain/money.ts:18:9
 ❯ tests/challenge01.test.ts:67:24
            </failure>
        </testcase>
        <testcase classname="tests/challenge01.test.ts" name="Challenge 01: Money, Assets and Authenticated Identity &gt; Challenge 1a: Asset registry and strict amount parsing &gt; Challenge 1a-2: malformed amounts are rejected with 400, never silently coerced" time="0.1639894">
            <system-err>
NotImplementedError: parseAmount is not implemented yet.
    at parseAmount [90m(D:\Projects\DevQuest\ac6c08fc-c7f9-4a56-a6f9-ed7d4361b636\[39msrc\domain\money.ts:18:9[90m)[39m
    at validate [90m(D:\Projects\DevQuest\ac6c08fc-c7f9-4a56-a6f9-ed7d4361b636\[39msrc\controller\assetsController.ts:34:20[90m)[39m
    at Layer.handle [as handle_request] [90m(D:\Projects\DevQuest\ac6c08fc-c7f9-4a56-a6f9-ed7d4361b636\[39mnode_modules\[4mexpress[24m\lib\router\layer.js:95:5[90m)[39m
    at next [90m(D:\Projects\DevQuest\ac6c08fc-c7f9-4a56-a6f9-ed7d4361b636\[39mnode_modules\[4mexpress[24m\lib\router\route.js:149:13[90m)[39m
    at Route.dispatch [90m(D:\Projects\DevQuest\ac6c08fc-c7f9-4a56-a6f9-ed7d4361b636\[39mnode_modules\[4mexpress[24m\lib\router\route.js:119:3[90m)[39m
    at Layer.handle [as handle_request] [90m(D:\Projects\DevQuest\ac6c08fc-c7f9-4a56-a6f9-ed7d4361b636\[39mnode_modules\[4mexpress[24m\lib\router\layer.js:95:5[90m)[39m
    at [90mD:\Projects\DevQuest\ac6c08fc-c7f9-4a56-a6f9-ed7d4361b636\[39mnode_modules\[4mexpress[24m\lib\router\index.js:284:15
    at Function.process_params [90m(D:\Projects\DevQuest\ac6c08fc-c7f9-4a56-a6f9-ed7d4361b636\[39mnode_modules\[4mexpress[24m\lib\router\index.js:346:12[90m)[39m
    at next [90m(D:\Projects\DevQuest\ac6c08fc-c7f9-4a56-a6f9-ed7d4361b636\[39mnode_modules\[4mexpress[24m\lib\router\index.js:280:10[90m)[39m
    at Function.handle [90m(D:\Projects\DevQuest\ac6c08fc-c7f9-4a56-a6f9-ed7d4361b636\[39mnode_modules\[4mexpress[24m\lib\router\index.js:175:3[90m)[39m

            </system-err>
            <failure message="expected 500 to be 400 // Object.is equality" type="AssertionError">
AssertionError: expected 500 to be 400 // Object.is equality

- Expected
+ Received

- 400
+ 500

 ❯ tests/challenge01.test.ts:90:33
            </failure>
        </testcase>
        <testcase classname="tests/challenge01.test.ts" name="Challenge 01: Money, Assets and Authenticated Identity &gt; Challenge 1a: Asset registry and strict amount parsing &gt; Challenge 1a-3: amounts supplied as JSON numbers are rejected, not coerced to strings" time="0.0600611">
            <system-err>
NotImplementedError: parseAmount is not implemented yet.
    at parseAmount [90m(D:\Projects\DevQuest\ac6c08fc-c7f9-4a56-a6f9-ed7d4361b636\[39msrc\domain\money.ts:18:9[90m)[39m
    at validate [90m(D:\Projects\DevQuest\ac6c08fc-c7f9-4a56-a6f9-ed7d4361b636\[39msrc\controller\assetsController.ts:34:20[90m)[39m
    at Layer.handle [as handle_request] [90m(D:\Projects\DevQuest\ac6c08fc-c7f9-4a56-a6f9-ed7d4361b636\[39mnode_modules\[4mexpress[24m\lib\router\layer.js:95:5[90m)[39m
    at next [90m(D:\Projects\DevQuest\ac6c08fc-c7f9-4a56-a6f9-ed7d4361b636\[39mnode_modules\[4mexpress[24m\lib\router\route.js:149:13[90m)[39m
    at Route.dispatch [90m(D:\Projects\DevQuest\ac6c08fc-c7f9-4a56-a6f9-ed7d4361b636\[39mnode_modules\[4mexpress[24m\lib\router\route.js:119:3[90m)[39m
    at Layer.handle [as handle_request] [90m(D:\Projects\DevQuest\ac6c08fc-c7f9-4a56-a6f9-ed7d4361b636\[39mnode_modules\[4mexpress[24m\lib\router\layer.js:95:5[90m)[39m
    at [90mD:\Projects\DevQuest\ac6c08fc-c7f9-4a56-a6f9-ed7d4361b636\[39mnode_modules\[4mexpress[24m\lib\router\index.js:284:15
    at Function.process_params [90m(D:\Projects\DevQuest\ac6c08fc-c7f9-4a56-a6f9-ed7d4361b636\[39mnode_modules\[4mexpress[24m\lib\router\index.js:346:12[90m)[39m
    at next [90m(D:\Projects\DevQuest\ac6c08fc-c7f9-4a56-a6f9-ed7d4361b636\[39mnode_modules\[4mexpress[24m\lib\router\index.js:280:10[90m)[39m
    at Function.handle [90m(D:\Projects\DevQuest\ac6c08fc-c7f9-4a56-a6f9-ed7d4361b636\[39mnode_modules\[4mexpress[24m\lib\router\index.js:175:3[90m)[39m

            </system-err>
            <failure message="expected 500 to be 400 // Object.is equality" type="AssertionError">
AssertionError: expected 500 to be 400 // Object.is equality

- Expected
+ Received

- 400
+ 500

 ❯ tests/challenge01.test.ts:97:31
            </failure>
        </testcase>
        <testcase classname="tests/challenge01.test.ts" name="Challenge 01: Money, Assets and Authenticated Identity &gt; Challenge 1a: Asset registry and strict amount parsing &gt; Challenge 1a-4: decimal precision cannot exceed the asset&apos;s own exponent" time="0.073171">
            <failure message="expected [Function] to not throw an error but &apos;Error: fromDecimal is not implemented…&apos; was thrown" type="AssertionError">
AssertionError: expected [Function] to not throw an error but &apos;Error: fromDecimal is not implemented…&apos; was thrown

- Expected: 
undefined

+ Received: 
&quot;Error: fromDecimal is not implemented yet.&quot;

 ❯ tests/challenge01.test.ts:101:54
            </failure>
        </testcase>
        <testcase classname="tests/challenge01.test.ts" name="Challenge 01: Money, Assets and Authenticated Identity &gt; Challenge 1a: Asset registry and strict amount parsing &gt; Challenge 1a-5: property — parse and serialise round-trip for every asset and every valid integer" time="0.0572084">
            <failure message="Property failed after 1 tests
{ seed: -1035138480, path: &quot;0&quot;, endOnFailure: true }
Counterexample: [&quot;BHD&quot;,2026070207598429969n]
Shrunk 0 time(s)
Got error: parseAmount is not implemented yet.
    at parseAmount (D:\Projects\DevQuest\ac6c08fc-c7f9-4a56-a6f9-ed7d4361b636\src\domain\money.ts:18:9)
    at D:\Projects\DevQuest\ac6c08fc-c7f9-4a56-a6f9-ed7d4361b636\tests\challenge01.test.ts:112:26
    at Property.predicate (file:///D:/Projects/DevQuest/ac6c08fc-c7f9-4a56-a6f9-ed7d4361b636/node_modules/fast-check/lib/esm/check/property/Property.js:14:54)
    at Property.run (file:///D:/Projects/DevQuest/ac6c08fc-c7f9-4a56-a6f9-ed7d4361b636/node_modules/fast-check/lib/esm/check/property/Property.generic.js:46:33)
    at runIt (file:///D:/Projects/DevQuest/ac6c08fc-c7f9-4a56-a6f9-ed7d4361b636/node_modules/fast-check/lib/esm/check/runner/Runner.js:18:30)
    at check (file:///D:/Projects/DevQuest/ac6c08fc-c7f9-4a56-a6f9-ed7d4361b636/node_modules/fast-check/lib/esm/check/runner/Runner.js:62:11)
    at Module.assert (file:///D:/Projects/DevQuest/ac6c08fc-c7f9-4a56-a6f9-ed7d4361b636/node_modules/fast-check/lib/esm/check/runner/Runner.js:65:17)
    at D:\Projects\DevQuest\ac6c08fc-c7f9-4a56-a6f9-ed7d4361b636\tests\challenge01.test.ts:110:10
    at file:///D:/Projects/DevQuest/ac6c08fc-c7f9-4a56-a6f9-ed7d4361b636/node_modules/@vitest/runner/dist/chunk-hooks.js:155:11
    at file:///D:/Projects/DevQuest/ac6c08fc-c7f9-4a56-a6f9-ed7d4361b636/node_modules/@vitest/runner/dist/chunk-hooks.js:752:26

Hint: Enable verbose mode in order to have the list of all failing values encountered during the run" type="Error">
Error: Property failed after 1 tests
{ seed: -1035138480, path: &quot;0&quot;, endOnFailure: true }
Counterexample: [&quot;BHD&quot;,2026070207598429969n]
Shrunk 0 time(s)
Got error: parseAmount is not implemented yet.
    at parseAmount (D:\Projects\DevQuest\ac6c08fc-c7f9-4a56-a6f9-ed7d4361b636\src\domain\money.ts:18:9)
    at D:\Projects\DevQuest\ac6c08fc-c7f9-4a56-a6f9-ed7d4361b636\tests\challenge01.test.ts:112:26
    at Property.predicate (file:///D:/Projects/DevQuest/ac6c08fc-c7f9-4a56-a6f9-ed7d4361b636/node_modules/fast-check/lib/esm/check/property/Property.js:14:54)
    at Property.run (file:///D:/Projects/DevQuest/ac6c08fc-c7f9-4a56-a6f9-ed7d4361b636/node_modules/fast-check/lib/esm/check/property/Property.generic.js:46:33)
    at runIt (file:///D:/Projects/DevQuest/ac6c08fc-c7f9-4a56-a6f9-ed7d4361b636/node_modules/fast-check/lib/esm/check/runner/Runner.js:18:30)
    at check (file:///D:/Projects/DevQuest/ac6c08fc-c7f9-4a56-a6f9-ed7d4361b636/node_modules/fast-check/lib/esm/check/runner/Runner.js:62:11)
    at Module.assert (file:///D:/Projects/DevQuest/ac6c08fc-c7f9-4a56-a6f9-ed7d4361b636/node_modules/fast-check/lib/esm/check/runner/Runner.js:65:17)
    at D:\Projects\DevQuest\ac6c08fc-c7f9-4a56-a6f9-ed7d4361b636\tests\challenge01.test.ts:110:10
    at file:///D:/Projects/DevQuest/ac6c08fc-c7f9-4a56-a6f9-ed7d4361b636/node_modules/@vitest/runner/dist/chunk-hooks.js:155:11
    at file:///D:/Projects/DevQuest/ac6c08fc-c7f9-4a56-a6f9-ed7d4361b636/node_modules/@vitest/runner/dist/chunk-hooks.js:752:26

Hint: Enable verbose mode in order to have the list of all failing values encountered during the run
 ❯ parseAmount src/domain/money.ts:18:9
 ❯ tests/challenge01.test.ts:112:26
 ❯ Property.predicate node_modules/fast-check/lib/esm/check/property/Property.js:14:54
 ❯ Property.run node_modules/fast-check/lib/esm/check/property/Property.generic.js:46:33
 ❯ runIt node_modules/fast-check/lib/esm/check/runner/Runner.js:18:30
 ❯ check node_modules/fast-check/lib/esm/check/runner/Runner.js:62:11
 ❯ Module.assert node_modules/fast-check/lib/esm/check/runner/Runner.js:65:17
 ❯ tests/challenge01.test.ts:110:10
 ❯ buildError node_modules/fast-check/lib/esm/check/runner/utils/RunDetailsFormatter.js:126:15
 ❯ throwIfFailed node_modules/fast-check/lib/esm/check/runner/utils/RunDetailsFormatter.js:138:11
 ❯ reportRunDetails node_modules/fast-check/lib/esm/check/runner/utils/RunDetailsFormatter.js:151:16
 ❯ Module.assert node_modules/fast-check/lib/esm/check/runner/Runner.js:69:9
 ❯ tests/challenge01.test.ts:110:10
            </failure>
        </testcase>
        <testcase classname="tests/challenge01.test.ts" name="Challenge 01: Money, Assets and Authenticated Identity &gt; Challenge 1a: Asset registry and strict amount parsing &gt; Challenge 1a-6: property — add/sub are inverses and asset-mismatch always throws" time="0.0516592">
            <failure message="Property failed after 1 tests
{ seed: -1035138480, path: &quot;0&quot;, endOnFailure: true }
Counterexample: [&quot;BHD&quot;,471731230n,669501823n]
Shrunk 0 time(s)
Got error: add is not implemented yet.
    at add (D:\Projects\DevQuest\ac6c08fc-c7f9-4a56-a6f9-ed7d4361b636\src\domain\money.ts:26:9)
    at D:\Projects\DevQuest\ac6c08fc-c7f9-4a56-a6f9-ed7d4361b636\tests\challenge01.test.ts:127:24
    at Property.predicate (file:///D:/Projects/DevQuest/ac6c08fc-c7f9-4a56-a6f9-ed7d4361b636/node_modules/fast-check/lib/esm/check/property/Property.js:14:54)
    at Property.run (file:///D:/Projects/DevQuest/ac6c08fc-c7f9-4a56-a6f9-ed7d4361b636/node_modules/fast-check/lib/esm/check/property/Property.generic.js:46:33)
    at runIt (file:///D:/Projects/DevQuest/ac6c08fc-c7f9-4a56-a6f9-ed7d4361b636/node_modules/fast-check/lib/esm/check/runner/Runner.js:18:30)
    at check (file:///D:/Projects/DevQuest/ac6c08fc-c7f9-4a56-a6f9-ed7d4361b636/node_modules/fast-check/lib/esm/check/runner/Runner.js:62:11)
    at Module.assert (file:///D:/Projects/DevQuest/ac6c08fc-c7f9-4a56-a6f9-ed7d4361b636/node_modules/fast-check/lib/esm/check/runner/Runner.js:65:17)
    at D:\Projects\DevQuest\ac6c08fc-c7f9-4a56-a6f9-ed7d4361b636\tests\challenge01.test.ts:119:10
    at file:///D:/Projects/DevQuest/ac6c08fc-c7f9-4a56-a6f9-ed7d4361b636/node_modules/@vitest/runner/dist/chunk-hooks.js:155:11
    at file:///D:/Projects/DevQuest/ac6c08fc-c7f9-4a56-a6f9-ed7d4361b636/node_modules/@vitest/runner/dist/chunk-hooks.js:752:26

Hint: Enable verbose mode in order to have the list of all failing values encountered during the run" type="Error">
Error: Property failed after 1 tests
{ seed: -1035138480, path: &quot;0&quot;, endOnFailure: true }
Counterexample: [&quot;BHD&quot;,471731230n,669501823n]
Shrunk 0 time(s)
Got error: add is not implemented yet.
    at add (D:\Projects\DevQuest\ac6c08fc-c7f9-4a56-a6f9-ed7d4361b636\src\domain\money.ts:26:9)
    at D:\Projects\DevQuest\ac6c08fc-c7f9-4a56-a6f9-ed7d4361b636\tests\challenge01.test.ts:127:24
    at Property.predicate (file:///D:/Projects/DevQuest/ac6c08fc-c7f9-4a56-a6f9-ed7d4361b636/node_modules/fast-check/lib/esm/check/property/Property.js:14:54)
    at Property.run (file:///D:/Projects/DevQuest/ac6c08fc-c7f9-4a56-a6f9-ed7d4361b636/node_modules/fast-check/lib/esm/check/property/Property.generic.js:46:33)
    at runIt (file:///D:/Projects/DevQuest/ac6c08fc-c7f9-4a56-a6f9-ed7d4361b636/node_modules/fast-check/lib/esm/check/runner/Runner.js:18:30)
    at check (file:///D:/Projects/DevQuest/ac6c08fc-c7f9-4a56-a6f9-ed7d4361b636/node_modules/fast-check/lib/esm/check/runner/Runner.js:62:11)
    at Module.assert (file:///D:/Projects/DevQuest/ac6c08fc-c7f9-4a56-a6f9-ed7d4361b636/node_modules/fast-check/lib/esm/check/runner/Runner.js:65:17)
    at D:\Projects\DevQuest\ac6c08fc-c7f9-4a56-a6f9-ed7d4361b636\tests\challenge01.test.ts:119:10
    at file:///D:/Projects/DevQuest/ac6c08fc-c7f9-4a56-a6f9-ed7d4361b636/node_modules/@vitest/runner/dist/chunk-hooks.js:155:11
    at file:///D:/Projects/DevQuest/ac6c08fc-c7f9-4a56-a6f9-ed7d4361b636/node_modules/@vitest/runner/dist/chunk-hooks.js:752:26

Hint: Enable verbose mode in order to have the list of all failing values encountered during the run
 ❯ add src/domain/money.ts:26:9
 ❯ tests/challenge01.test.ts:127:24
 ❯ Property.predicate node_modules/fast-check/lib/esm/check/property/Property.js:14:54
 ❯ Property.run node_modules/fast-check/lib/esm/check/property/Property.generic.js:46:33
 ❯ runIt node_modules/fast-check/lib/esm/check/runner/Runner.js:18:30
 ❯ check node_modules/fast-check/lib/esm/check/runner/Runner.js:62:11
 ❯ Module.assert node_modules/fast-check/lib/esm/check/runner/Runner.js:65:17
 ❯ tests/challenge01.test.ts:119:10
 ❯ buildError node_modules/fast-check/lib/esm/check/runner/utils/RunDetailsFormatter.js:126:15
 ❯ throwIfFailed node_modules/fast-check/lib/esm/check/runner/utils/RunDetailsFormatter.js:138:11
 ❯ reportRunDetails node_modules/fast-check/lib/esm/check/runner/utils/RunDetailsFormatter.js:151:16
 ❯ Module.assert node_modules/fast-check/lib/esm/check/runner/Runner.js:69:9
 ❯ tests/challenge01.test.ts:119:10
            </failure>
        </testcase>
        <testcase classname="tests/challenge01.test.ts" name="Challenge 01: Money, Assets and Authenticated Identity &gt; Challenge 1a: Asset registry and strict amount parsing &gt; Challenge 1a-7: property — total order is antisymmetric and transitive" time="0.0391251">
            <failure message="Property failed after 1 tests
{ seed: -1035138480, path: &quot;0&quot;, endOnFailure: true }
Counterexample: [3n,499992n,-640308n]
Shrunk 0 time(s)
Got error: compare is not implemented yet.
    at compare (D:\Projects\DevQuest\ac6c08fc-c7f9-4a56-a6f9-ed7d4361b636\src\domain\money.ts:38:9)
    at D:\Projects\DevQuest\ac6c08fc-c7f9-4a56-a6f9-ed7d4361b636\tests\challenge01.test.ts:150:20
    at Property.predicate (file:///D:/Projects/DevQuest/ac6c08fc-c7f9-4a56-a6f9-ed7d4361b636/node_modules/fast-check/lib/esm/check/property/Property.js:14:54)
    at Property.run (file:///D:/Projects/DevQuest/ac6c08fc-c7f9-4a56-a6f9-ed7d4361b636/node_modules/fast-check/lib/esm/check/property/Property.generic.js:46:33)
    at runIt (file:///D:/Projects/DevQuest/ac6c08fc-c7f9-4a56-a6f9-ed7d4361b636/node_modules/fast-check/lib/esm/check/runner/Runner.js:18:30)
    at check (file:///D:/Projects/DevQuest/ac6c08fc-c7f9-4a56-a6f9-ed7d4361b636/node_modules/fast-check/lib/esm/check/runner/Runner.js:62:11)
    at Module.assert (file:///D:/Projects/DevQuest/ac6c08fc-c7f9-4a56-a6f9-ed7d4361b636/node_modules/fast-check/lib/esm/check/runner/Runner.js:65:17)
    at D:\Projects\DevQuest\ac6c08fc-c7f9-4a56-a6f9-ed7d4361b636\tests\challenge01.test.ts:137:10
    at file:///D:/Projects/DevQuest/ac6c08fc-c7f9-4a56-a6f9-ed7d4361b636/node_modules/@vitest/runner/dist/chunk-hooks.js:155:11
    at file:///D:/Projects/DevQuest/ac6c08fc-c7f9-4a56-a6f9-ed7d4361b636/node_modules/@vitest/runner/dist/chunk-hooks.js:752:26

Hint: Enable verbose mode in order to have the list of all failing values encountered during the run" type="Error">
Error: Property failed after 1 tests
{ seed: -1035138480, path: &quot;0&quot;, endOnFailure: true }
Counterexample: [3n,499992n,-640308n]
Shrunk 0 time(s)
Got error: compare is not implemented yet.
    at compare (D:\Projects\DevQuest\ac6c08fc-c7f9-4a56-a6f9-ed7d4361b636\src\domain\money.ts:38:9)
    at D:\Projects\DevQuest\ac6c08fc-c7f9-4a56-a6f9-ed7d4361b636\tests\challenge01.test.ts:150:20
    at Property.predicate (file:///D:/Projects/DevQuest/ac6c08fc-c7f9-4a56-a6f9-ed7d4361b636/node_modules/fast-check/lib/esm/check/property/Property.js:14:54)
    at Property.run (file:///D:/Projects/DevQuest/ac6c08fc-c7f9-4a56-a6f9-ed7d4361b636/node_modules/fast-check/lib/esm/check/property/Property.generic.js:46:33)
    at runIt (file:///D:/Projects/DevQuest/ac6c08fc-c7f9-4a56-a6f9-ed7d4361b636/node_modules/fast-check/lib/esm/check/runner/Runner.js:18:30)
    at check (file:///D:/Projects/DevQuest/ac6c08fc-c7f9-4a56-a6f9-ed7d4361b636/node_modules/fast-check/lib/esm/check/runner/Runner.js:62:11)
    at Module.assert (file:///D:/Projects/DevQuest/ac6c08fc-c7f9-4a56-a6f9-ed7d4361b636/node_modules/fast-check/lib/esm/check/runner/Runner.js:65:17)
    at D:\Projects\DevQuest\ac6c08fc-c7f9-4a56-a6f9-ed7d4361b636\tests\challenge01.test.ts:137:10
    at file:///D:/Projects/DevQuest/ac6c08fc-c7f9-4a56-a6f9-ed7d4361b636/node_modules/@vitest/runner/dist/chunk-hooks.js:155:11
    at file:///D:/Projects/DevQuest/ac6c08fc-c7f9-4a56-a6f9-ed7d4361b636/node_modules/@vitest/runner/dist/chunk-hooks.js:752:26

Hint: Enable verbose mode in order to have the list of all failing values encountered during the run
 ❯ compare src/domain/money.ts:38:9
 ❯ tests/challenge01.test.ts:150:20
 ❯ Property.predicate node_modules/fast-check/lib/esm/check/property/Property.js:14:54
 ❯ Property.run node_modules/fast-check/lib/esm/check/property/Property.generic.js:46:33
 ❯ runIt node_modules/fast-check/lib/esm/check/runner/Runner.js:18:30
 ❯ check node_modules/fast-check/lib/esm/check/runner/Runner.js:62:11
 ❯ Module.assert node_modules/fast-check/lib/esm/check/runner/Runner.js:65:17
 ❯ tests/challenge01.test.ts:137:10
 ❯ buildError node_modules/fast-check/lib/esm/check/runner/utils/RunDetailsFormatter.js:126:15
 ❯ throwIfFailed node_modules/fast-check/lib/esm/check/runner/utils/RunDetailsFormatter.js:138:11
 ❯ reportRunDetails node_modules/fast-check/lib/esm/check/runner/utils/RunDetailsFormatter.js:151:16
 ❯ Module.assert node_modules/fast-check/lib/esm/check/runner/Runner.js:69:9
 ❯ tests/challenge01.test.ts:137:10
            </failure>
        </testcase>
        <testcase classname="tests/challenge01.test.ts" name="Challenge 01: Money, Assets and Authenticated Identity &gt; Challenge 1b: Rounding conserves value &gt; Challenge 1b-1: half-even and half-up only disagree on an exact midpoint" time="0.0411743">
            <failure message="divideWithRounding is not implemented yet." type="Error">
Error: divideWithRounding is not implemented yet.
 ❯ divideWithRounding src/domain/money.ts:60:9
 ❯ tests/challenge01.test.ts:164:14
            </failure>
        </testcase>
        <testcase classname="tests/challenge01.test.ts" name="Challenge 01: Money, Assets and Authenticated Identity &gt; Challenge 1b: Rounding conserves value &gt; Challenge 1b-2: property — quotient * divisor + remainder reconstructs the dividend exactly" time="0.0392538">
            <failure message="Property failed after 1 tests
{ seed: -1035138480, path: &quot;0&quot;, endOnFailure: true }
Counterexample: [9n,501827n,&quot;HALF_UP&quot;]
Shrunk 0 time(s)
Got error: divideWithRounding is not implemented yet.
    at divideWithRounding (D:\Projects\DevQuest\ac6c08fc-c7f9-4a56-a6f9-ed7d4361b636\src\domain\money.ts:60:9)
    at D:\Projects\DevQuest\ac6c08fc-c7f9-4a56-a6f9-ed7d4361b636\tests\challenge01.test.ts:177:45
    at Property.predicate (file:///D:/Projects/DevQuest/ac6c08fc-c7f9-4a56-a6f9-ed7d4361b636/node_modules/fast-check/lib/esm/check/property/Property.js:14:54)
    at Property.run (file:///D:/Projects/DevQuest/ac6c08fc-c7f9-4a56-a6f9-ed7d4361b636/node_modules/fast-check/lib/esm/check/property/Property.generic.js:46:33)
    at runIt (file:///D:/Projects/DevQuest/ac6c08fc-c7f9-4a56-a6f9-ed7d4361b636/node_modules/fast-check/lib/esm/check/runner/Runner.js:18:30)
    at check (file:///D:/Projects/DevQuest/ac6c08fc-c7f9-4a56-a6f9-ed7d4361b636/node_modules/fast-check/lib/esm/check/runner/Runner.js:62:11)
    at Module.assert (file:///D:/Projects/DevQuest/ac6c08fc-c7f9-4a56-a6f9-ed7d4361b636/node_modules/fast-check/lib/esm/check/runner/Runner.js:65:17)
    at D:\Projects\DevQuest\ac6c08fc-c7f9-4a56-a6f9-ed7d4361b636\tests\challenge01.test.ts:171:10
    at file:///D:/Projects/DevQuest/ac6c08fc-c7f9-4a56-a6f9-ed7d4361b636/node_modules/@vitest/runner/dist/chunk-hooks.js:155:11
    at file:///D:/Projects/DevQuest/ac6c08fc-c7f9-4a56-a6f9-ed7d4361b636/node_modules/@vitest/runner/dist/chunk-hooks.js:752:26

Hint: Enable verbose mode in order to have the list of all failing values encountered during the run" type="Error">
Error: Property failed after 1 tests
{ seed: -1035138480, path: &quot;0&quot;, endOnFailure: true }
Counterexample: [9n,501827n,&quot;HALF_UP&quot;]
Shrunk 0 time(s)
Got error: divideWithRounding is not implemented yet.
    at divideWithRounding (D:\Projects\DevQuest\ac6c08fc-c7f9-4a56-a6f9-ed7d4361b636\src\domain\money.ts:60:9)
    at D:\Projects\DevQuest\ac6c08fc-c7f9-4a56-a6f9-ed7d4361b636\tests\challenge01.test.ts:177:45
    at Property.predicate (file:///D:/Projects/DevQuest/ac6c08fc-c7f9-4a56-a6f9-ed7d4361b636/node_modules/fast-check/lib/esm/check/property/Property.js:14:54)
    at Property.run (file:///D:/Projects/DevQuest/ac6c08fc-c7f9-4a56-a6f9-ed7d4361b636/node_modules/fast-check/lib/esm/check/property/Property.generic.js:46:33)
    at runIt (file:///D:/Projects/DevQuest/ac6c08fc-c7f9-4a56-a6f9-ed7d4361b636/node_modules/fast-check/lib/esm/check/runner/Runner.js:18:30)
    at check (file:///D:/Projects/DevQuest/ac6c08fc-c7f9-4a56-a6f9-ed7d4361b636/node_modules/fast-check/lib/esm/check/runner/Runner.js:62:11)
    at Module.assert (file:///D:/Projects/DevQuest/ac6c08fc-c7f9-4a56-a6f9-ed7d4361b636/node_modules/fast-check/lib/esm/check/runner/Runner.js:65:17)
    at D:\Projects\DevQuest\ac6c08fc-c7f9-4a56-a6f9-ed7d4361b636\tests\challenge01.test.ts:171:10
    at file:///D:/Projects/DevQuest/ac6c08fc-c7f9-4a56-a6f9-ed7d4361b636/node_modules/@vitest/runner/dist/chunk-hooks.js:155:11
    at file:///D:/Projects/DevQuest/ac6c08fc-c7f9-4a56-a6f9-ed7d4361b636/node_modules/@vitest/runner/dist/chunk-hooks.js:752:26

Hint: Enable verbose mode in order to have the list of all failing values encountered during the run
 ❯ divideWithRounding src/domain/money.ts:60:9
 ❯ tests/challenge01.test.ts:177:45
 ❯ Property.predicate node_modules/fast-check/lib/esm/check/property/Property.js:14:54
 ❯ Property.run node_modules/fast-check/lib/esm/check/property/Property.generic.js:46:33
 ❯ runIt node_modules/fast-check/lib/esm/check/runner/Runner.js:18:30
 ❯ check node_modules/fast-check/lib/esm/check/runner/Runner.js:62:11
 ❯ Module.assert node_modules/fast-check/lib/esm/check/runner/Runner.js:65:17
 ❯ tests/challenge01.test.ts:171:10
 ❯ buildError node_modules/fast-check/lib/esm/check/runner/utils/RunDetailsFormatter.js:126:15
 ❯ throwIfFailed node_modules/fast-check/lib/esm/check/runner/utils/RunDetailsFormatter.js:138:11
 ❯ reportRunDetails node_modules/fast-check/lib/esm/check/runner/utils/RunDetailsFormatter.js:151:16
 ❯ Module.assert node_modules/fast-check/lib/esm/check/runner/Runner.js:69:9
 ❯ tests/challenge01.test.ts:171:10
            </failure>
        </testcase>
        <testcase classname="tests/challenge01.test.ts" name="Challenge 01: Money, Assets and Authenticated Identity &gt; Challenge 1b: Rounding conserves value &gt; Challenge 1b-3: division by zero is rejected, never produces Infinity or NaN" time="0.03817">
            <failure message="expected error to be instance of MoneyError" type="AssertionError">
AssertionError: expected error to be instance of MoneyError

- Expected: 
[Function MoneyError]

+ Received: 
NotImplementedError {
  &quot;message&quot;: &quot;divideWithRounding is not implemented yet.&quot;,
}

 ❯ tests/challenge01.test.ts:187:50
            </failure>
        </testcase>
        <testcase classname="tests/challenge01.test.ts" name="Challenge 01: Money, Assets and Authenticated Identity &gt; Challenge 1c: HMAC request signing &gt; Challenge 1c-1: a correctly signed request is accepted" time="0.0449863">
            <system-err>
NotImplementedError: isWithinWindow is not implemented yet.
    at isWithinWindow [90m(D:\Projects\DevQuest\ac6c08fc-c7f9-4a56-a6f9-ed7d4361b636\[39msrc\domain\signing.ts:33:9[90m)[39m
    at hmacAuth [90m(D:\Projects\DevQuest\ac6c08fc-c7f9-4a56-a6f9-ed7d4361b636\[39msrc\middleware\hmacAuth.ts:39:8[90m)[39m
    at Layer.handle [as handle_request] [90m(D:\Projects\DevQuest\ac6c08fc-c7f9-4a56-a6f9-ed7d4361b636\[39mnode_modules\[4mexpress[24m\lib\router\layer.js:95:5[90m)[39m
    at trim_prefix [90m(D:\Projects\DevQuest\ac6c08fc-c7f9-4a56-a6f9-ed7d4361b636\[39mnode_modules\[4mexpress[24m\lib\router\index.js:328:13[90m)[39m
    at [90mD:\Projects\DevQuest\ac6c08fc-c7f9-4a56-a6f9-ed7d4361b636\[39mnode_modules\[4mexpress[24m\lib\router\index.js:286:9
    at Function.process_params [90m(D:\Projects\DevQuest\ac6c08fc-c7f9-4a56-a6f9-ed7d4361b636\[39mnode_modules\[4mexpress[24m\lib\router\index.js:346:12[90m)[39m
    at next [90m(D:\Projects\DevQuest\ac6c08fc-c7f9-4a56-a6f9-ed7d4361b636\[39mnode_modules\[4mexpress[24m\lib\router\index.js:280:10[90m)[39m
    at Function.handle [90m(D:\Projects\DevQuest\ac6c08fc-c7f9-4a56-a6f9-ed7d4361b636\[39mnode_modules\[4mexpress[24m\lib\router\index.js:175:3[90m)[39m
    at router [90m(D:\Projects\DevQuest\ac6c08fc-c7f9-4a56-a6f9-ed7d4361b636\[39mnode_modules\[4mexpress[24m\lib\router\index.js:47:12[90m)[39m
    at Layer.handle [as handle_request] [90m(D:\Projects\DevQuest\ac6c08fc-c7f9-4a56-a6f9-ed7d4361b636\[39mnode_modules\[4mexpress[24m\lib\router\layer.js:95:5[90m)[39m

            </system-err>
            <failure message="expected 500 to be 200 // Object.is equality" type="AssertionError">
AssertionError: expected 500 to be 200 // Object.is equality

- Expected
+ Received

- 200
+ 500

 ❯ tests/challenge01.test.ts:199:31
            </failure>
        </testcase>
        <testcase classname="tests/challenge01.test.ts" name="Challenge 01: Money, Assets and Authenticated Identity &gt; Challenge 1c: HMAC request signing &gt; Challenge 1c-2: a missing signature is rejected" time="0.0413453">
            <system-err>
NotImplementedError: isWithinWindow is not implemented yet.
    at isWithinWindow [90m(D:\Projects\DevQuest\ac6c08fc-c7f9-4a56-a6f9-ed7d4361b636\[39msrc\domain\signing.ts:33:9[90m)[39m
    at hmacAuth [90m(D:\Projects\DevQuest\ac6c08fc-c7f9-4a56-a6f9-ed7d4361b636\[39msrc\middleware\hmacAuth.ts:39:8[90m)[39m
    at Layer.handle [as handle_request] [90m(D:\Projects\DevQuest\ac6c08fc-c7f9-4a56-a6f9-ed7d4361b636\[39mnode_modules\[4mexpress[24m\lib\router\layer.js:95:5[90m)[39m
    at trim_prefix [90m(D:\Projects\DevQuest\ac6c08fc-c7f9-4a56-a6f9-ed7d4361b636\[39mnode_modules\[4mexpress[24m\lib\router\index.js:328:13[90m)[39m
    at [90mD:\Projects\DevQuest\ac6c08fc-c7f9-4a56-a6f9-ed7d4361b636\[39mnode_modules\[4mexpress[24m\lib\router\index.js:286:9
    at Function.process_params [90m(D:\Projects\DevQuest\ac6c08fc-c7f9-4a56-a6f9-ed7d4361b636\[39mnode_modules\[4mexpress[24m\lib\router\index.js:346:12[90m)[39m
    at next [90m(D:\Projects\DevQuest\ac6c08fc-c7f9-4a56-a6f9-ed7d4361b636\[39mnode_modules\[4mexpress[24m\lib\router\index.js:280:10[90m)[39m
    at Function.handle [90m(D:\Projects\DevQuest\ac6c08fc-c7f9-4a56-a6f9-ed7d4361b636\[39mnode_modules\[4mexpress[24m\lib\router\index.js:175:3[90m)[39m
    at router [90m(D:\Projects\DevQuest\ac6c08fc-c7f9-4a56-a6f9-ed7d4361b636\[39mnode_modules\[4mexpress[24m\lib\router\index.js:47:12[90m)[39m
    at Layer.handle [as handle_request] [90m(D:\Projects\DevQuest\ac6c08fc-c7f9-4a56-a6f9-ed7d4361b636\[39mnode_modules\[4mexpress[24m\lib\router\layer.js:95:5[90m)[39m

            </system-err>
            <failure message="expected 500 to be 200 // Object.is equality" type="AssertionError">
AssertionError: expected 500 to be 200 // Object.is equality

- Expected
+ Received

- 200
+ 500

 ❯ tests/challenge01.test.ts:207:29
            </failure>
        </testcase>
        <testcase classname="tests/challenge01.test.ts" name="Challenge 01: Money, Assets and Authenticated Identity &gt; Challenge 1c: HMAC request signing &gt; Challenge 1c-3: a signature computed over a different body is rejected" time="0.0431842">
            <system-err>
NotImplementedError: isWithinWindow is not implemented yet.
    at isWithinWindow [90m(D:\Projects\DevQuest\ac6c08fc-c7f9-4a56-a6f9-ed7d4361b636\[39msrc\domain\signing.ts:33:9[90m)[39m
    at hmacAuth [90m(D:\Projects\DevQuest\ac6c08fc-c7f9-4a56-a6f9-ed7d4361b636\[39msrc\middleware\hmacAuth.ts:39:8[90m)[39m
    at Layer.handle [as handle_request] [90m(D:\Projects\DevQuest\ac6c08fc-c7f9-4a56-a6f9-ed7d4361b636\[39mnode_modules\[4mexpress[24m\lib\router\layer.js:95:5[90m)[39m
    at trim_prefix [90m(D:\Projects\DevQuest\ac6c08fc-c7f9-4a56-a6f9-ed7d4361b636\[39mnode_modules\[4mexpress[24m\lib\router\index.js:328:13[90m)[39m
    at [90mD:\Projects\DevQuest\ac6c08fc-c7f9-4a56-a6f9-ed7d4361b636\[39mnode_modules\[4mexpress[24m\lib\router\index.js:286:9
    at Function.process_params [90m(D:\Projects\DevQuest\ac6c08fc-c7f9-4a56-a6f9-ed7d4361b636\[39mnode_modules\[4mexpress[24m\lib\router\index.js:346:12[90m)[39m
    at next [90m(D:\Projects\DevQuest\ac6c08fc-c7f9-4a56-a6f9-ed7d4361b636\[39mnode_modules\[4mexpress[24m\lib\router\index.js:280:10[90m)[39m
    at Function.handle [90m(D:\Projects\DevQuest\ac6c08fc-c7f9-4a56-a6f9-ed7d4361b636\[39mnode_modules\[4mexpress[24m\lib\router\index.js:175:3[90m)[39m
    at router [90m(D:\Projects\DevQuest\ac6c08fc-c7f9-4a56-a6f9-ed7d4361b636\[39mnode_modules\[4mexpress[24m\lib\router\index.js:47:12[90m)[39m
    at Layer.handle [as handle_request] [90m(D:\Projects\DevQuest\ac6c08fc-c7f9-4a56-a6f9-ed7d4361b636\[39mnode_modules\[4mexpress[24m\lib\router\layer.js:95:5[90m)[39m

            </system-err>
            <failure message="expected 500 to be 403 // Object.is equality" type="AssertionError">
AssertionError: expected 500 to be 403 // Object.is equality

- Expected
+ Received

- 403
+ 500

 ❯ tests/challenge01.test.ts:220:31
            </failure>
        </testcase>
        <testcase classname="tests/challenge01.test.ts" name="Challenge 01: Money, Assets and Authenticated Identity &gt; Challenge 1c: HMAC request signing &gt; Challenge 1c-4: a timestamp outside the signing window is rejected" time="0.03774">
            <system-err>
NotImplementedError: isWithinWindow is not implemented yet.
    at isWithinWindow [90m(D:\Projects\DevQuest\ac6c08fc-c7f9-4a56-a6f9-ed7d4361b636\[39msrc\domain\signing.ts:33:9[90m)[39m
    at hmacAuth [90m(D:\Projects\DevQuest\ac6c08fc-c7f9-4a56-a6f9-ed7d4361b636\[39msrc\middleware\hmacAuth.ts:39:8[90m)[39m
    at Layer.handle [as handle_request] [90m(D:\Projects\DevQuest\ac6c08fc-c7f9-4a56-a6f9-ed7d4361b636\[39mnode_modules\[4mexpress[24m\lib\router\layer.js:95:5[90m)[39m
    at trim_prefix [90m(D:\Projects\DevQuest\ac6c08fc-c7f9-4a56-a6f9-ed7d4361b636\[39mnode_modules\[4mexpress[24m\lib\router\index.js:328:13[90m)[39m
    at [90mD:\Projects\DevQuest\ac6c08fc-c7f9-4a56-a6f9-ed7d4361b636\[39mnode_modules\[4mexpress[24m\lib\router\index.js:286:9
    at Function.process_params [90m(D:\Projects\DevQuest\ac6c08fc-c7f9-4a56-a6f9-ed7d4361b636\[39mnode_modules\[4mexpress[24m\lib\router\index.js:346:12[90m)[39m
    at next [90m(D:\Projects\DevQuest\ac6c08fc-c7f9-4a56-a6f9-ed7d4361b636\[39mnode_modules\[4mexpress[24m\lib\router\index.js:280:10[90m)[39m
    at Function.handle [90m(D:\Projects\DevQuest\ac6c08fc-c7f9-4a56-a6f9-ed7d4361b636\[39mnode_modules\[4mexpress[24m\lib\router\index.js:175:3[90m)[39m
    at router [90m(D:\Projects\DevQuest\ac6c08fc-c7f9-4a56-a6f9-ed7d4361b636\[39mnode_modules\[4mexpress[24m\lib\router\index.js:47:12[90m)[39m
    at Layer.handle [as handle_request] [90m(D:\Projects\DevQuest\ac6c08fc-c7f9-4a56-a6f9-ed7d4361b636\[39mnode_modules\[4mexpress[24m\lib\router\layer.js:95:5[90m)[39m

            </system-err>
            <failure message="expected 500 to be 403 // Object.is equality" type="AssertionError">
AssertionError: expected 500 to be 403 // Object.is equality

- Expected
+ Received

- 403
+ 500

 ❯ tests/challenge01.test.ts:230:31
            </failure>
        </testcase>
        <testcase classname="tests/challenge01.test.ts" name="Challenge 01: Money, Assets and Authenticated Identity &gt; Challenge 1c: HMAC request signing &gt; Challenge 1c-5: a replayed nonce is rejected on the second use" time="0.0426825">
            <system-err>
NotImplementedError: isWithinWindow is not implemented yet.
    at isWithinWindow [90m(D:\Projects\DevQuest\ac6c08fc-c7f9-4a56-a6f9-ed7d4361b636\[39msrc\domain\signing.ts:33:9[90m)[39m
    at hmacAuth [90m(D:\Projects\DevQuest\ac6c08fc-c7f9-4a56-a6f9-ed7d4361b636\[39msrc\middleware\hmacAuth.ts:39:8[90m)[39m
    at Layer.handle [as handle_request] [90m(D:\Projects\DevQuest\ac6c08fc-c7f9-4a56-a6f9-ed7d4361b636\[39mnode_modules\[4mexpress[24m\lib\router\layer.js:95:5[90m)[39m
    at trim_prefix [90m(D:\Projects\DevQuest\ac6c08fc-c7f9-4a56-a6f9-ed7d4361b636\[39mnode_modules\[4mexpress[24m\lib\router\index.js:328:13[90m)[39m
    at [90mD:\Projects\DevQuest\ac6c08fc-c7f9-4a56-a6f9-ed7d4361b636\[39mnode_modules\[4mexpress[24m\lib\router\index.js:286:9
    at Function.process_params [90m(D:\Projects\DevQuest\ac6c08fc-c7f9-4a56-a6f9-ed7d4361b636\[39mnode_modules\[4mexpress[24m\lib\router\index.js:346:12[90m)[39m
    at next [90m(D:\Projects\DevQuest\ac6c08fc-c7f9-4a56-a6f9-ed7d4361b636\[39mnode_modules\[4mexpress[24m\lib\router\index.js:280:10[90m)[39m
    at Function.handle [90m(D:\Projects\DevQuest\ac6c08fc-c7f9-4a56-a6f9-ed7d4361b636\[39mnode_modules\[4mexpress[24m\lib\router\index.js:175:3[90m)[39m
    at router [90m(D:\Projects\DevQuest\ac6c08fc-c7f9-4a56-a6f9-ed7d4361b636\[39mnode_modules\[4mexpress[24m\lib\router\index.js:47:12[90m)[39m
    at Layer.handle [as handle_request] [90m(D:\Projects\DevQuest\ac6c08fc-c7f9-4a56-a6f9-ed7d4361b636\[39mnode_modules\[4mexpress[24m\lib\router\layer.js:95:5[90m)[39m

            </system-err>
            <failure message="expected 500 to be 200 // Object.is equality" type="AssertionError">
AssertionError: expected 500 to be 200 // Object.is equality

- Expected
+ Received

- 200
+ 500

 ❯ tests/challenge01.test.ts:240:28
            </failure>
        </testcase>
        <testcase classname="tests/challenge01.test.ts" name="Challenge 01: Money, Assets and Authenticated Identity &gt; Challenge 1c: HMAC request signing &gt; Challenge 1c-6: an unrecognised algorithm is rejected even with an otherwise valid signature" time="0.0436162">
            <system-err>
NotImplementedError: isWithinWindow is not implemented yet.
    at isWithinWindow [90m(D:\Projects\DevQuest\ac6c08fc-c7f9-4a56-a6f9-ed7d4361b636\[39msrc\domain\signing.ts:33:9[90m)[39m
    at hmacAuth [90m(D:\Projects\DevQuest\ac6c08fc-c7f9-4a56-a6f9-ed7d4361b636\[39msrc\middleware\hmacAuth.ts:39:8[90m)[39m
    at Layer.handle [as handle_request] [90m(D:\Projects\DevQuest\ac6c08fc-c7f9-4a56-a6f9-ed7d4361b636\[39mnode_modules\[4mexpress[24m\lib\router\layer.js:95:5[90m)[39m
    at trim_prefix [90m(D:\Projects\DevQuest\ac6c08fc-c7f9-4a56-a6f9-ed7d4361b636\[39mnode_modules\[4mexpress[24m\lib\router\index.js:328:13[90m)[39m
    at [90mD:\Projects\DevQuest\ac6c08fc-c7f9-4a56-a6f9-ed7d4361b636\[39mnode_modules\[4mexpress[24m\lib\router\index.js:286:9
    at Function.process_params [90m(D:\Projects\DevQuest\ac6c08fc-c7f9-4a56-a6f9-ed7d4361b636\[39mnode_modules\[4mexpress[24m\lib\router\index.js:346:12[90m)[39m
    at next [90m(D:\Projects\DevQuest\ac6c08fc-c7f9-4a56-a6f9-ed7d4361b636\[39mnode_modules\[4mexpress[24m\lib\router\index.js:280:10[90m)[39m
    at Function.handle [90m(D:\Projects\DevQuest\ac6c08fc-c7f9-4a56-a6f9-ed7d4361b636\[39mnode_modules\[4mexpress[24m\lib\router\index.js:175:3[90m)[39m
    at router [90m(D:\Projects\DevQuest\ac6c08fc-c7f9-4a56-a6f9-ed7d4361b636\[39mnode_modules\[4mexpress[24m\lib\router\index.js:47:12[90m)[39m
    at Layer.handle [as handle_request] [90m(D:\Projects\DevQuest\ac6c08fc-c7f9-4a56-a6f9-ed7d4361b636\[39mnode_modules\[4mexpress[24m\lib\router\layer.js:95:5[90m)[39m

            </system-err>
            <failure message="expected 500 to be 403 // Object.is equality" type="AssertionError">
AssertionError: expected 500 to be 403 // Object.is equality

- Expected
+ Received

- 403
+ 500

 ❯ tests/challenge01.test.ts:253:31
            </failure>
        </testcase>
        <testcase classname="tests/challenge01.test.ts" name="Challenge 01: Money, Assets and Authenticated Identity &gt; Challenge 1d: Authorization &gt; Challenge 1d-1: an operator token is rejected on an admin-only route" time="4.0411389">
            <failure message="Response timeout of 4000ms exceeded" type="Error">
Error: Response timeout of 4000ms exceeded
 ❯ Test._timeoutError node_modules/superagent/src/request-base.js:748:17
 ❯ Timeout.&lt;anonymous&gt; node_modules/superagent/src/request-base.js:771:12

⎯⎯⎯⎯⎯⎯⎯⎯⎯⎯⎯⎯⎯⎯⎯⎯⎯⎯⎯⎯⎯⎯⎯⎯⎯⎯⎯⎯⎯⎯⎯⎯⎯⎯⎯⎯⎯⎯⎯⎯⎯⎯⎯⎯⎯⎯⎯⎯⎯⎯⎯⎯⎯⎯⎯⎯⎯⎯⎯⎯⎯⎯⎯⎯⎯⎯⎯⎯⎯⎯⎯⎯⎯⎯⎯⎯⎯⎯⎯⎯⎯⎯⎯⎯⎯⎯⎯⎯⎯⎯⎯⎯⎯⎯⎯⎯⎯⎯⎯⎯⎯⎯⎯⎯⎯⎯⎯⎯⎯⎯⎯⎯⎯⎯⎯
Serialized Error: { timeout: 4000, code: &apos;ECONNABORTED&apos;, errno: &apos;ETIMEDOUT&apos;, response: undefined }
            </failure>
        </testcase>
        <testcase classname="tests/challenge01.test.ts" name="Challenge 01: Money, Assets and Authenticated Identity &gt; Challenge 1d: Authorization &gt; Challenge 1d-2: an admin-only route rejects a request with no token at all" time="4.0478825">
            <failure message="Response timeout of 4000ms exceeded" type="Error">
Error: Response timeout of 4000ms exceeded
 ❯ Test._timeoutError node_modules/superagent/src/request-base.js:748:17
 ❯ Timeout.&lt;anonymous&gt; node_modules/superagent/src/request-base.js:771:12

⎯⎯⎯⎯⎯⎯⎯⎯⎯⎯⎯⎯⎯⎯⎯⎯⎯⎯⎯⎯⎯⎯⎯⎯⎯⎯⎯⎯⎯⎯⎯⎯⎯⎯⎯⎯⎯⎯⎯⎯⎯⎯⎯⎯⎯⎯⎯⎯⎯⎯⎯⎯⎯⎯⎯⎯⎯⎯⎯⎯⎯⎯⎯⎯⎯⎯⎯⎯⎯⎯⎯⎯⎯⎯⎯⎯⎯⎯⎯⎯⎯⎯⎯⎯⎯⎯⎯⎯⎯⎯⎯⎯⎯⎯⎯⎯⎯⎯⎯⎯⎯⎯⎯⎯⎯⎯⎯⎯⎯⎯⎯⎯⎯⎯⎯
Serialized Error: { timeout: 4000, code: &apos;ECONNABORTED&apos;, errno: &apos;ETIMEDOUT&apos;, response: undefined }
            </failure>
        </testcase>
        <testcase classname="tests/challenge01.test.ts" name="Challenge 01: Money, Assets and Authenticated Identity &gt; Challenge 1d: Authorization &gt; Challenge 1d-3: an admin token is accepted on an admin-only route" time="4.0545565">
            <failure message="Response timeout of 4000ms exceeded" type="Error">
Error: Response timeout of 4000ms exceeded
 ❯ Test._timeoutError node_modules/superagent/src/request-base.js:748:17
 ❯ Timeout.&lt;anonymous&gt; node_modules/superagent/src/request-base.js:771:12

⎯⎯⎯⎯⎯⎯⎯⎯⎯⎯⎯⎯⎯⎯⎯⎯⎯⎯⎯⎯⎯⎯⎯⎯⎯⎯⎯⎯⎯⎯⎯⎯⎯⎯⎯⎯⎯⎯⎯⎯⎯⎯⎯⎯⎯⎯⎯⎯⎯⎯⎯⎯⎯⎯⎯⎯⎯⎯⎯⎯⎯⎯⎯⎯⎯⎯⎯⎯⎯⎯⎯⎯⎯⎯⎯⎯⎯⎯⎯⎯⎯⎯⎯⎯⎯⎯⎯⎯⎯⎯⎯⎯⎯⎯⎯⎯⎯⎯⎯⎯⎯⎯⎯⎯⎯⎯⎯⎯⎯⎯⎯⎯⎯⎯⎯
Serialized Error: { timeout: 4000, code: &apos;ECONNABORTED&apos;, errno: &apos;ETIMEDOUT&apos;, response: undefined }
            </failure>
        </testcase>
        <testcase classname="tests/challenge01.test.ts" name="Challenge 01: Money, Assets and Authenticated Identity &gt; Challenge 1d: Authorization &gt; Challenge 1d-4: a token acting on its own account&apos;s ledger balance succeeds" time="4.0528293">
            <failure message="Response timeout of 4000ms exceeded" type="Error">
Error: Response timeout of 4000ms exceeded
 ❯ Test._timeoutError node_modules/superagent/src/request-base.js:748:17
 ❯ Timeout.&lt;anonymous&gt; node_modules/superagent/src/request-base.js:771:12

⎯⎯⎯⎯⎯⎯⎯⎯⎯⎯⎯⎯⎯⎯⎯⎯⎯⎯⎯⎯⎯⎯⎯⎯⎯⎯⎯⎯⎯⎯⎯⎯⎯⎯⎯⎯⎯⎯⎯⎯⎯⎯⎯⎯⎯⎯⎯⎯⎯⎯⎯⎯⎯⎯⎯⎯⎯⎯⎯⎯⎯⎯⎯⎯⎯⎯⎯⎯⎯⎯⎯⎯⎯⎯⎯⎯⎯⎯⎯⎯⎯⎯⎯⎯⎯⎯⎯⎯⎯⎯⎯⎯⎯⎯⎯⎯⎯⎯⎯⎯⎯⎯⎯⎯⎯⎯⎯⎯⎯⎯⎯⎯⎯⎯⎯
Serialized Error: { timeout: 4000, code: &apos;ECONNABORTED&apos;, errno: &apos;ETIMEDOUT&apos;, response: undefined }
            </failure>
        </testcase>
        <testcase classname="tests/challenge01.test.ts" name="Challenge 01: Money, Assets and Authenticated Identity &gt; Challenge 1d: Authorization &gt; Challenge 1d-5: a valid token cannot read a different account&apos;s ledger balance" time="4.0562487">
            <failure message="Response timeout of 4000ms exceeded" type="Error">
Error: Response timeout of 4000ms exceeded
 ❯ Test._timeoutError node_modules/superagent/src/request-base.js:748:17
 ❯ Timeout.&lt;anonymous&gt; node_modules/superagent/src/request-base.js:771:12

⎯⎯⎯⎯⎯⎯⎯⎯⎯⎯⎯⎯⎯⎯⎯⎯⎯⎯⎯⎯⎯⎯⎯⎯⎯⎯⎯⎯⎯⎯⎯⎯⎯⎯⎯⎯⎯⎯⎯⎯⎯⎯⎯⎯⎯⎯⎯⎯⎯⎯⎯⎯⎯⎯⎯⎯⎯⎯⎯⎯⎯⎯⎯⎯⎯⎯⎯⎯⎯⎯⎯⎯⎯⎯⎯⎯⎯⎯⎯⎯⎯⎯⎯⎯⎯⎯⎯⎯⎯⎯⎯⎯⎯⎯⎯⎯⎯⎯⎯⎯⎯⎯⎯⎯⎯⎯⎯⎯⎯⎯⎯⎯⎯⎯⎯
Serialized Error: { timeout: 4000, code: &apos;ECONNABORTED&apos;, errno: &apos;ETIMEDOUT&apos;, response: undefined }
            </failure>
        </testcase>
        <testcase classname="tests/challenge01.test.ts" name="Challenge 01: Money, Assets and Authenticated Identity &gt; Challenge 1d: Authorization &gt; Challenge 1d-6: an anonymous request (no token at all) to a balance route is unaffected by tenant isolation" time="4.0598323">
            <failure message="Response timeout of 4000ms exceeded" type="Error">
Error: Response timeout of 4000ms exceeded
 ❯ Test._timeoutError node_modules/superagent/src/request-base.js:748:17
 ❯ Timeout.&lt;anonymous&gt; node_modules/superagent/src/request-base.js:771:12

⎯⎯⎯⎯⎯⎯⎯⎯⎯⎯⎯⎯⎯⎯⎯⎯⎯⎯⎯⎯⎯⎯⎯⎯⎯⎯⎯⎯⎯⎯⎯⎯⎯⎯⎯⎯⎯⎯⎯⎯⎯⎯⎯⎯⎯⎯⎯⎯⎯⎯⎯⎯⎯⎯⎯⎯⎯⎯⎯⎯⎯⎯⎯⎯⎯⎯⎯⎯⎯⎯⎯⎯⎯⎯⎯⎯⎯⎯⎯⎯⎯⎯⎯⎯⎯⎯⎯⎯⎯⎯⎯⎯⎯⎯⎯⎯⎯⎯⎯⎯⎯⎯⎯⎯⎯⎯⎯⎯⎯⎯⎯⎯⎯⎯⎯
Serialized Error: { timeout: 4000, code: &apos;ECONNABORTED&apos;, errno: &apos;ETIMEDOUT&apos;, response: undefined }
            </failure>
        </testcase>
        <testcase classname="tests/challenge01.test.ts" name="Challenge 01: Money, Assets and Authenticated Identity &gt; Challenge 1d: Authorization &gt; Challenge 1d-7: refreshing rotates the token, and the old refresh token is rejected on reuse" time="4.038585">
            <failure message="Response timeout of 4000ms exceeded" type="Error">
Error: Response timeout of 4000ms exceeded
 ❯ Test._timeoutError node_modules/superagent/src/request-base.js:748:17
 ❯ Timeout.&lt;anonymous&gt; node_modules/superagent/src/request-base.js:771:12

⎯⎯⎯⎯⎯⎯⎯⎯⎯⎯⎯⎯⎯⎯⎯⎯⎯⎯⎯⎯⎯⎯⎯⎯⎯⎯⎯⎯⎯⎯⎯⎯⎯⎯⎯⎯⎯⎯⎯⎯⎯⎯⎯⎯⎯⎯⎯⎯⎯⎯⎯⎯⎯⎯⎯⎯⎯⎯⎯⎯⎯⎯⎯⎯⎯⎯⎯⎯⎯⎯⎯⎯⎯⎯⎯⎯⎯⎯⎯⎯⎯⎯⎯⎯⎯⎯⎯⎯⎯⎯⎯⎯⎯⎯⎯⎯⎯⎯⎯⎯⎯⎯⎯⎯⎯⎯⎯⎯⎯⎯⎯⎯⎯⎯⎯
Serialized Error: { timeout: 4000, code: &apos;ECONNABORTED&apos;, errno: &apos;ETIMEDOUT&apos;, response: undefined }
            </failure>
        </testcase>
    </testsuite>
    <testsuite name="tests/challenge02.test.ts" timestamp="2026-09-21T04:51:51.023Z" hostname="DESKTOP-N3914BI" tests="8" failures="8" errors="0" skipped="0" time="32.5680869">
        <testcase classname="tests/challenge02.test.ts" name="Challenge 02: The Double-Entry Ledger &gt; Challenge 2a: Balance rule &gt; Challenge 2a-1: a balanced two-account entry is accepted" time="4.1141623">
            <failure message="Response timeout of 4000ms exceeded" type="Error">
Error: Response timeout of 4000ms exceeded
 ❯ Test._timeoutError node_modules/superagent/src/request-base.js:748:17
 ❯ Timeout.&lt;anonymous&gt; node_modules/superagent/src/request-base.js:771:12

⎯⎯⎯⎯⎯⎯⎯⎯⎯⎯⎯⎯⎯⎯⎯⎯⎯⎯⎯⎯⎯⎯⎯⎯⎯⎯⎯⎯⎯⎯⎯⎯⎯⎯⎯⎯⎯⎯⎯⎯⎯⎯⎯⎯⎯⎯⎯⎯⎯⎯⎯⎯⎯⎯⎯⎯⎯⎯⎯⎯⎯⎯⎯⎯⎯⎯⎯⎯⎯⎯⎯⎯⎯⎯⎯⎯⎯⎯⎯⎯⎯⎯⎯⎯⎯⎯⎯⎯⎯⎯⎯⎯⎯⎯⎯⎯⎯⎯⎯⎯⎯⎯⎯⎯⎯⎯⎯⎯⎯⎯⎯⎯⎯⎯⎯
Serialized Error: { timeout: 4000, code: &apos;ECONNABORTED&apos;, errno: &apos;ETIMEDOUT&apos;, response: undefined }
            </failure>
        </testcase>
        <testcase classname="tests/challenge02.test.ts" name="Challenge 02: The Double-Entry Ledger &gt; Challenge 2a: Balance rule &gt; Challenge 2a-2: an entry that does not sum to zero for its asset is rejected, and nothing is written" time="4.0806088">
            <failure message="Response timeout of 4000ms exceeded" type="Error">
Error: Response timeout of 4000ms exceeded
 ❯ Test._timeoutError node_modules/superagent/src/request-base.js:748:17
 ❯ Timeout.&lt;anonymous&gt; node_modules/superagent/src/request-base.js:771:12

⎯⎯⎯⎯⎯⎯⎯⎯⎯⎯⎯⎯⎯⎯⎯⎯⎯⎯⎯⎯⎯⎯⎯⎯⎯⎯⎯⎯⎯⎯⎯⎯⎯⎯⎯⎯⎯⎯⎯⎯⎯⎯⎯⎯⎯⎯⎯⎯⎯⎯⎯⎯⎯⎯⎯⎯⎯⎯⎯⎯⎯⎯⎯⎯⎯⎯⎯⎯⎯⎯⎯⎯⎯⎯⎯⎯⎯⎯⎯⎯⎯⎯⎯⎯⎯⎯⎯⎯⎯⎯⎯⎯⎯⎯⎯⎯⎯⎯⎯⎯⎯⎯⎯⎯⎯⎯⎯⎯⎯⎯⎯⎯⎯⎯⎯
Serialized Error: { timeout: 4000, code: &apos;ECONNABORTED&apos;, errno: &apos;ETIMEDOUT&apos;, response: undefined }
            </failure>
        </testcase>
        <testcase classname="tests/challenge02.test.ts" name="Challenge 02: The Double-Entry Ledger &gt; Challenge 2a: Balance rule &gt; Challenge 2a-3: an entry mixing two assets must balance each one independently" time="4.0553161">
            <failure message="Response timeout of 4000ms exceeded" type="Error">
Error: Response timeout of 4000ms exceeded
 ❯ Test._timeoutError node_modules/superagent/src/request-base.js:748:17
 ❯ Timeout.&lt;anonymous&gt; node_modules/superagent/src/request-base.js:771:12

⎯⎯⎯⎯⎯⎯⎯⎯⎯⎯⎯⎯⎯⎯⎯⎯⎯⎯⎯⎯⎯⎯⎯⎯⎯⎯⎯⎯⎯⎯⎯⎯⎯⎯⎯⎯⎯⎯⎯⎯⎯⎯⎯⎯⎯⎯⎯⎯⎯⎯⎯⎯⎯⎯⎯⎯⎯⎯⎯⎯⎯⎯⎯⎯⎯⎯⎯⎯⎯⎯⎯⎯⎯⎯⎯⎯⎯⎯⎯⎯⎯⎯⎯⎯⎯⎯⎯⎯⎯⎯⎯⎯⎯⎯⎯⎯⎯⎯⎯⎯⎯⎯⎯⎯⎯⎯⎯⎯⎯⎯⎯⎯⎯⎯⎯
Serialized Error: { timeout: 4000, code: &apos;ECONNABORTED&apos;, errno: &apos;ETIMEDOUT&apos;, response: undefined }
            </failure>
        </testcase>
        <testcase classname="tests/challenge02.test.ts" name="Challenge 02: The Double-Entry Ledger &gt; Challenge 2a: Balance rule &gt; Challenge 2a-4: property — a random balanced posting set is always accepted, and derived balances match the reference sum" time="4.0559541">
            <failure message="Property failed after 1 tests
{ seed: -1035136050, path: &quot;0&quot;, endOnFailure: true }
Counterexample: [[515342n,963292n,5376n,381574n,430275n,411865n]]
Shrunk 0 time(s)
Got error: Response timeout of 4000ms exceeded
    at Test._timeoutError (D:\Projects\DevQuest\ac6c08fc-c7f9-4a56-a6f9-ed7d4361b636\node_modules\superagent\src\request-base.js:748:17)
    at Timeout.&lt;anonymous&gt; (D:\Projects\DevQuest\ac6c08fc-c7f9-4a56-a6f9-ed7d4361b636\node_modules\superagent\src\request-base.js:771:12)
    at listOnTimeout (node:internal/timers:614:17)
    at processTimers (node:internal/timers:549:7)

Hint: Enable verbose mode in order to have the list of all failing values encountered during the run" type="Error">
Error: Property failed after 1 tests
{ seed: -1035136050, path: &quot;0&quot;, endOnFailure: true }
Counterexample: [[515342n,963292n,5376n,381574n,430275n,411865n]]
Shrunk 0 time(s)
Got error: Response timeout of 4000ms exceeded
    at Test._timeoutError (D:\Projects\DevQuest\ac6c08fc-c7f9-4a56-a6f9-ed7d4361b636\node_modules\superagent\src\request-base.js:748:17)
    at Timeout.&lt;anonymous&gt; (D:\Projects\DevQuest\ac6c08fc-c7f9-4a56-a6f9-ed7d4361b636\node_modules\superagent\src\request-base.js:771:12)
    at listOnTimeout (node:internal/timers:614:17)
    at processTimers (node:internal/timers:549:7)

Hint: Enable verbose mode in order to have the list of all failing values encountered during the run
 ❯ Test._timeoutError node_modules/superagent/src/request-base.js:748:17
 ❯ Timeout.&lt;anonymous&gt; node_modules/superagent/src/request-base.js:771:12
 ❯ buildError node_modules/fast-check/lib/esm/check/runner/utils/RunDetailsFormatter.js:126:15
 ❯ asyncThrowIfFailed node_modules/fast-check/lib/esm/check/runner/utils/RunDetailsFormatter.js:143:11
            </failure>
        </testcase>
        <testcase classname="tests/challenge02.test.ts" name="Challenge 02: The Double-Entry Ledger &gt; Challenge 2b: Append-only and reversal &gt; Challenge 2b-1: reversing an entry restores the pre-entry balance exactly" time="4.0517763">
            <failure message="Response timeout of 4000ms exceeded" type="Error">
Error: Response timeout of 4000ms exceeded
 ❯ Test._timeoutError node_modules/superagent/src/request-base.js:748:17
 ❯ Timeout.&lt;anonymous&gt; node_modules/superagent/src/request-base.js:771:12

⎯⎯⎯⎯⎯⎯⎯⎯⎯⎯⎯⎯⎯⎯⎯⎯⎯⎯⎯⎯⎯⎯⎯⎯⎯⎯⎯⎯⎯⎯⎯⎯⎯⎯⎯⎯⎯⎯⎯⎯⎯⎯⎯⎯⎯⎯⎯⎯⎯⎯⎯⎯⎯⎯⎯⎯⎯⎯⎯⎯⎯⎯⎯⎯⎯⎯⎯⎯⎯⎯⎯⎯⎯⎯⎯⎯⎯⎯⎯⎯⎯⎯⎯⎯⎯⎯⎯⎯⎯⎯⎯⎯⎯⎯⎯⎯⎯⎯⎯⎯⎯⎯⎯⎯⎯⎯⎯⎯⎯⎯⎯⎯⎯⎯⎯
Serialized Error: { timeout: 4000, code: &apos;ECONNABORTED&apos;, errno: &apos;ETIMEDOUT&apos;, response: undefined }
            </failure>
        </testcase>
        <testcase classname="tests/challenge02.test.ts" name="Challenge 02: The Double-Entry Ledger &gt; Challenge 2b: Append-only and reversal &gt; Challenge 2b-2: the trial balance across all accounts sums to zero for every asset touched" time="4.057419">
            <failure message="Response timeout of 4000ms exceeded" type="Error">
Error: Response timeout of 4000ms exceeded
 ❯ Test._timeoutError node_modules/superagent/src/request-base.js:748:17
 ❯ Timeout.&lt;anonymous&gt; node_modules/superagent/src/request-base.js:771:12

⎯⎯⎯⎯⎯⎯⎯⎯⎯⎯⎯⎯⎯⎯⎯⎯⎯⎯⎯⎯⎯⎯⎯⎯⎯⎯⎯⎯⎯⎯⎯⎯⎯⎯⎯⎯⎯⎯⎯⎯⎯⎯⎯⎯⎯⎯⎯⎯⎯⎯⎯⎯⎯⎯⎯⎯⎯⎯⎯⎯⎯⎯⎯⎯⎯⎯⎯⎯⎯⎯⎯⎯⎯⎯⎯⎯⎯⎯⎯⎯⎯⎯⎯⎯⎯⎯⎯⎯⎯⎯⎯⎯⎯⎯⎯⎯⎯⎯⎯⎯⎯⎯⎯⎯⎯⎯⎯⎯⎯⎯⎯⎯⎯⎯⎯
Serialized Error: { timeout: 4000, code: &apos;ECONNABORTED&apos;, errno: &apos;ETIMEDOUT&apos;, response: undefined }
            </failure>
        </testcase>
        <testcase classname="tests/challenge02.test.ts" name="Challenge 02: The Double-Entry Ledger &gt; Challenge 2c: Point-in-time balances and statement pagination &gt; Challenge 2c-1: an as-of balance excludes entries posted after the cutoff entry" time="4.0478997">
            <failure message="Response timeout of 4000ms exceeded" type="Error">
Error: Response timeout of 4000ms exceeded
 ❯ Test._timeoutError node_modules/superagent/src/request-base.js:748:17
 ❯ Timeout.&lt;anonymous&gt; node_modules/superagent/src/request-base.js:771:12

⎯⎯⎯⎯⎯⎯⎯⎯⎯⎯⎯⎯⎯⎯⎯⎯⎯⎯⎯⎯⎯⎯⎯⎯⎯⎯⎯⎯⎯⎯⎯⎯⎯⎯⎯⎯⎯⎯⎯⎯⎯⎯⎯⎯⎯⎯⎯⎯⎯⎯⎯⎯⎯⎯⎯⎯⎯⎯⎯⎯⎯⎯⎯⎯⎯⎯⎯⎯⎯⎯⎯⎯⎯⎯⎯⎯⎯⎯⎯⎯⎯⎯⎯⎯⎯⎯⎯⎯⎯⎯⎯⎯⎯⎯⎯⎯⎯⎯⎯⎯⎯⎯⎯⎯⎯⎯⎯⎯⎯⎯⎯⎯⎯⎯⎯
Serialized Error: { timeout: 4000, code: &apos;ECONNABORTED&apos;, errno: &apos;ETIMEDOUT&apos;, response: undefined }
            </failure>
        </testcase>
        <testcase classname="tests/challenge02.test.ts" name="Challenge 02: The Double-Entry Ledger &gt; Challenge 2c: Point-in-time balances and statement pagination &gt; Challenge 2c-2: concatenating every statement page yields each posting exactly once" time="4.0442496">
            <failure message="Response timeout of 4000ms exceeded" type="Error">
Error: Response timeout of 4000ms exceeded
 ❯ Test._timeoutError node_modules/superagent/src/request-base.js:748:17
 ❯ Timeout.&lt;anonymous&gt; node_modules/superagent/src/request-base.js:771:12

⎯⎯⎯⎯⎯⎯⎯⎯⎯⎯⎯⎯⎯⎯⎯⎯⎯⎯⎯⎯⎯⎯⎯⎯⎯⎯⎯⎯⎯⎯⎯⎯⎯⎯⎯⎯⎯⎯⎯⎯⎯⎯⎯⎯⎯⎯⎯⎯⎯⎯⎯⎯⎯⎯⎯⎯⎯⎯⎯⎯⎯⎯⎯⎯⎯⎯⎯⎯⎯⎯⎯⎯⎯⎯⎯⎯⎯⎯⎯⎯⎯⎯⎯⎯⎯⎯⎯⎯⎯⎯⎯⎯⎯⎯⎯⎯⎯⎯⎯⎯⎯⎯⎯⎯⎯⎯⎯⎯⎯⎯⎯⎯⎯⎯⎯
Serialized Error: { timeout: 4000, code: &apos;ECONNABORTED&apos;, errno: &apos;ETIMEDOUT&apos;, response: undefined }
            </failure>
        </testcase>
    </testsuite>
    <testsuite name="tests/challenge03.test.ts" timestamp="2026-09-21T04:51:51.028Z" hostname="DESKTOP-N3914BI" tests="24" failures="24" errors="0" skipped="0" time="84.38181">
[...]
    at D:\Projects\DevQuest\ac6c08fc-c7f9-4a56-a6f9-ed7d4361b636\tests\challenge20.test.ts:227:11
    at Property.predicate (file:///D:/Projects/DevQuest/ac6c08fc-c7f9-4a56-a6f9-ed7d4361b636/node_modules/fast-check/lib/esm/check/property/Property.js:14:54)
    at Property.run (file:///D:/Projects/DevQuest/ac6c08fc-c7f9-4a56-a6f9-ed7d4361b636/node_modules/fast-check/lib/esm/check/property/Property.generic.js:46:33)
    at runIt (file:///D:/Projects/DevQuest/ac6c08fc-c7f9-4a56-a6f9-ed7d4361b636/node_modules/fast-check/lib/esm/check/runner/Runner.js:18:30)
    at check (file:///D:/Projects/DevQuest/ac6c08fc-c7f9-4a56-a6f9-ed7d4361b636/node_modules/fast-check/lib/esm/check/runner/Runner.js:62:11)
    at Module.assert (file:///D:/Projects/DevQuest/ac6c08fc-c7f9-4a56-a6f9-ed7d4361b636/node_modules/fast-check/lib/esm/check/runner/Runner.js:65:17)
    at D:\Projects\DevQuest\ac6c08fc-c7f9-4a56-a6f9-ed7d4361b636\tests\challenge20.test.ts:224:10
    at file:///D:/Projects/DevQuest/ac6c08fc-c7f9-4a56-a6f9-ed7d4361b636/node_modules/@vitest/runner/dist/chunk-hooks.js:155:11

Hint: Enable verbose mode in order to have the list of all failing values encountered during the run
 ❯ notImplemented client/js/dashboard.js:4:9
 ❯ renderRiskUsage client/js/dashboard.js:46:3
 ❯ tests/challenge20.test.ts:227:11
 ❯ Property.predicate node_modules/fast-check/lib/esm/check/property/Property.js:14:54
 ❯ Property.run node_modules/fast-check/lib/esm/check/property/Property.generic.js:46:33
 ❯ runIt node_modules/fast-check/lib/esm/check/runner/Runner.js:18:30
 ❯ check node_modules/fast-check/lib/esm/check/runner/Runner.js:62:11
 ❯ Module.assert node_modules/fast-check/lib/esm/check/runner/Runner.js:65:17
 ❯ tests/challenge20.test.ts:224:10
 ❯ buildError node_modules/fast-check/lib/esm/check/runner/utils/RunDetailsFormatter.js:126:15
 ❯ throwIfFailed node_modules/fast-check/lib/esm/check/runner/utils/RunDetailsFormatter.js:138:11
 ❯ reportRunDetails node_modules/fast-check/lib/esm/check/runner/utils/RunDetailsFormatter.js:151:16
 ❯ Module.assert node_modules/fast-check/lib/esm/check/runner/Runner.js:69:9
 ❯ tests/challenge20.test.ts:224:10
            </failure>
        </testcase>
        <testcase classname="tests/challenge20.test.ts" name="Challenge 20: Dashboard and Demo Data &gt; Challenge 20c: An informative dashboard &gt; Challenge 20c-4: recent trades lists at most ten, newest first, each with its exact notional, and says so when there are none" time="0.0341877">
            <failure message="Property failed after 1 tests
{ seed: -1035138423, path: &quot;0&quot;, endOnFailure: true }
Counterexample: [[{&quot;market&quot;:&quot;EUR-USD&quot;,&quot;buyOrderId&quot;:&quot;N&quot;,&quot;sellOrderId&quot;:&quot;;&quot;,&quot;price&quot;:&quot;461376297259&quot;,&quot;quantity&quot;:&quot;526226406&quot;,&quot;timestampMs&quot;:1700000000032}]]
Shrunk 0 time(s)
Got error: renderRecentTrades is not implemented yet.
    at notImplemented (D:\Projects\DevQuest\ac6c08fc-c7f9-4a56-a6f9-ed7d4361b636\client\js\dashboard.js:4:9)
    at renderRecentTrades (D:\Projects\DevQuest\ac6c08fc-c7f9-4a56-a6f9-ed7d4361b636\client\js\dashboard.js:51:3)
    at D:\Projects\DevQuest\ac6c08fc-c7f9-4a56-a6f9-ed7d4361b636\tests\challenge20.test.ts:259:11
    at Property.predicate (file:///D:/Projects/DevQuest/ac6c08fc-c7f9-4a56-a6f9-ed7d4361b636/node_modules/fast-check/lib/esm/check/property/Property.js:14:54)
    at Property.run (file:///D:/Projects/DevQuest/ac6c08fc-c7f9-4a56-a6f9-ed7d4361b636/node_modules/fast-check/lib/esm/check/property/Property.generic.js:46:33)
    at runIt (file:///D:/Projects/DevQuest/ac6c08fc-c7f9-4a56-a6f9-ed7d4361b636/node_modules/fast-check/lib/esm/check/runner/Runner.js:18:30)
    at check (file:///D:/Projects/DevQuest/ac6c08fc-c7f9-4a56-a6f9-ed7d4361b636/node_modules/fast-check/lib/esm/check/runner/Runner.js:62:11)
    at Module.assert (file:///D:/Projects/DevQuest/ac6c08fc-c7f9-4a56-a6f9-ed7d4361b636/node_modules/fast-check/lib/esm/check/runner/Runner.js:65:17)
    at D:\Projects\DevQuest\ac6c08fc-c7f9-4a56-a6f9-ed7d4361b636\tests\challenge20.test.ts:256:10
    at file:///D:/Projects/DevQuest/ac6c08fc-c7f9-4a56-a6f9-ed7d4361b636/node_modules/@vitest/runner/dist/chunk-hooks.js:155:11

Hint: Enable verbose mode in order to have the list of all failing values encountered during the run" type="Error">
Error: Property failed after 1 tests
{ seed: -1035138423, path: &quot;0&quot;, endOnFailure: true }
Counterexample: [[{&quot;market&quot;:&quot;EUR-USD&quot;,&quot;buyOrderId&quot;:&quot;N&quot;,&quot;sellOrderId&quot;:&quot;;&quot;,&quot;price&quot;:&quot;461376297259&quot;,&quot;quantity&quot;:&quot;526226406&quot;,&quot;timestampMs&quot;:1700000000032}]]
Shrunk 0 time(s)
Got error: renderRecentTrades is not implemented yet.
    at notImplemented (D:\Projects\DevQuest\ac6c08fc-c7f9-4a56-a6f9-ed7d4361b636\client\js\dashboard.js:4:9)
    at renderRecentTrades (D:\Projects\DevQuest\ac6c08fc-c7f9-4a56-a6f9-ed7d4361b636\client\js\dashboard.js:51:3)
    at D:\Projects\DevQuest\ac6c08fc-c7f9-4a56-a6f9-ed7d4361b636\tests\challenge20.test.ts:259:11
    at Property.predicate (file:///D:/Projects/DevQuest/ac6c08fc-c7f9-4a56-a6f9-ed7d4361b636/node_modules/fast-check/lib/esm/check/property/Property.js:14:54)
    at Property.run (file:///D:/Projects/DevQuest/ac6c08fc-c7f9-4a56-a6f9-ed7d4361b636/node_modules/fast-check/lib/esm/check/property/Property.generic.js:46:33)
    at runIt (file:///D:/Projects/DevQuest/ac6c08fc-c7f9-4a56-a6f9-ed7d4361b636/node_modules/fast-check/lib/esm/check/runner/Runner.js:18:30)
    at check (file:///D:/Projects/DevQuest/ac6c08fc-c7f9-4a56-a6f9-ed7d4361b636/node_modules/fast-check/lib/esm/check/runner/Runner.js:62:11)
    at Module.assert (file:///D:/Projects/DevQuest/ac6c08fc-c7f9-4a56-a6f9-ed7d4361b636/node_modules/fast-check/lib/esm/check/runner/Runner.js:65:17)
    at D:\Projects\DevQuest\ac6c08fc-c7f9-4a56-a6f9-ed7d4361b636\tests\challenge20.test.ts:256:10
    at file:///D:/Projects/DevQuest/ac6c08fc-c7f9-4a56-a6f9-ed7d4361b636/node_modules/@vitest/runner/dist/chunk-hooks.js:155:11

Hint: Enable verbose mode in order to have the list of all failing values encountered during the run
 ❯ notImplemented client/js/dashboard.js:4:9
 ❯ renderRecentTrades client/js/dashboard.js:51:3
 ❯ tests/challenge20.test.ts:259:11
 ❯ Property.predicate node_modules/fast-check/lib/esm/check/property/Property.js:14:54
 ❯ Property.run node_modules/fast-check/lib/esm/check/property/Property.generic.js:46:33
 ❯ runIt node_modules/fast-check/lib/esm/check/runner/Runner.js:18:30
 ❯ check node_modules/fast-check/lib/esm/check/runner/Runner.js:62:11
 ❯ Module.assert node_modules/fast-check/lib/esm/check/runner/Runner.js:65:17
 ❯ tests/challenge20.test.ts:256:10
 ❯ buildError node_modules/fast-check/lib/esm/check/runner/utils/RunDetailsFormatter.js:126:15
 ❯ throwIfFailed node_modules/fast-check/lib/esm/check/runner/utils/RunDetailsFormatter.js:138:11
 ❯ reportRunDetails node_modules/fast-check/lib/esm/check/runner/utils/RunDetailsFormatter.js:151:16
 ❯ Module.assert node_modules/fast-check/lib/esm/check/runner/Runner.js:69:9
 ❯ tests/challenge20.test.ts:256:10
            </failure>
        </testcase>
    </testsuite>
    <testsuite name="tests/challenge21.test.ts" timestamp="2026-09-21T04:51:51.156Z" hostname="DESKTOP-N3914BI" tests="4" failures="4" errors="0" skipped="0" time="16.3138593">
        <testcase classname="tests/challenge21.test.ts" name="Challenge 21: Integration &gt; Challenge 21a: The live order book &gt; Challenge 21a-1: the book rebuilt from the WebSocket feed always equals the depth endpoint, with a gapless sequence" time="4.07416">
            <failure message="Property failed after 1 tests
{ seed: -1035138449, path: &quot;0&quot;, endOnFailure: true }
Counterexample: [[{&quot;account&quot;:0,&quot;side&quot;:&quot;sell&quot;,&quot;price&quot;:104,&quot;quantity&quot;:2,&quot;cancel&quot;:false},{&quot;account&quot;:2,&quot;side&quot;:&quot;sell&quot;,&quot;price&quot;:101,&quot;quantity&quot;:3,&quot;cancel&quot;:true},{&quot;account&quot;:3,&quot;side&quot;:&quot;buy&quot;,&quot;price&quot;:96,&quot;quantity&quot;:9,&quot;cancel&quot;:false},{&quot;account&quot;:2,&quot;side&quot;:&quot;sell&quot;,&quot;price&quot;:96,&quot;quantity&quot;:3,&quot;cancel&quot;:true},{&quot;account&quot;:2,&quot;side&quot;:&quot;sell&quot;,&quot;price&quot;:96,&quot;quantity&quot;:3,&quot;cancel&quot;:false},{&quot;account&quot;:1,&quot;side&quot;:&quot;sell&quot;,&quot;price&quot;:98,&quot;quantity&quot;:9,&quot;cancel&quot;:false},{&quot;account&quot;:0,&quot;side&quot;:&quot;buy&quot;,&quot;price&quot;:97,&quot;quantity&quot;:8,&quot;cancel&quot;:false}]]
Shrunk 0 time(s)
Got error: Response timeout of 4000ms exceeded
    at Test._timeoutError (D:\Projects\DevQuest\ac6c08fc-c7f9-4a56-a6f9-ed7d4361b636\node_modules\superagent\src\request-base.js:748:17)
    at Timeout.&lt;anonymous&gt; (D:\Projects\DevQuest\ac6c08fc-c7f9-4a56-a6f9-ed7d4361b636\node_modules\superagent\src\request-base.js:771:12)
    at listOnTimeout (node:internal/timers:614:17)
    at processTimers (node:internal/timers:549:7)

Hint: Enable verbose mode in order to have the list of all failing values encountered during the run" type="Error">
Error: Property failed after 1 tests
{ seed: -1035138449, path: &quot;0&quot;, endOnFailure: true }
Counterexample: [[{&quot;account&quot;:0,&quot;side&quot;:&quot;sell&quot;,&quot;price&quot;:104,&quot;quantity&quot;:2,&quot;cancel&quot;:false},{&quot;account&quot;:2,&quot;side&quot;:&quot;sell&quot;,&quot;price&quot;:101,&quot;quantity&quot;:3,&quot;cancel&quot;:true},{&quot;account&quot;:3,&quot;side&quot;:&quot;buy&quot;,&quot;price&quot;:96,&quot;quantity&quot;:9,&quot;cancel&quot;:false},{&quot;account&quot;:2,&quot;side&quot;:&quot;sell&quot;,&quot;price&quot;:96,&quot;quantity&quot;:3,&quot;cancel&quot;:true},{&quot;account&quot;:2,&quot;side&quot;:&quot;sell&quot;,&quot;price&quot;:96,&quot;quantity&quot;:3,&quot;cancel&quot;:false},{&quot;account&quot;:1,&quot;side&quot;:&quot;sell&quot;,&quot;price&quot;:98,&quot;quantity&quot;:9,&quot;cancel&quot;:false},{&quot;account&quot;:0,&quot;side&quot;:&quot;buy&quot;,&quot;price&quot;:97,&quot;quantity&quot;:8,&quot;cancel&quot;:false}]]
Shrunk 0 time(s)
Got error: Response timeout of 4000ms exceeded
    at Test._timeoutError (D:\Projects\DevQuest\ac6c08fc-c7f9-4a56-a6f9-ed7d4361b636\node_modules\superagent\src\request-base.js:748:17)
    at Timeout.&lt;anonymous&gt; (D:\Projects\DevQuest\ac6c08fc-c7f9-4a56-a6f9-ed7d4361b636\node_modules\superagent\src\request-base.js:771:12)
    at listOnTimeout (node:internal/timers:614:17)
    at processTimers (node:internal/timers:549:7)

Hint: Enable verbose mode in order to have the list of all failing values encountered during the run
 ❯ Test._timeoutError node_modules/superagent/src/request-base.js:748:17
 ❯ Timeout.&lt;anonymous&gt; node_modules/superagent/src/request-base.js:771:12
 ❯ buildError node_modules/fast-check/lib/esm/check/runner/utils/RunDetailsFormatter.js:126:15
 ❯ asyncThrowIfFailed node_modules/fast-check/lib/esm/check/runner/utils/RunDetailsFormatter.js:143:11
            </failure>
        </testcase>
        <testcase classname="tests/challenge21.test.ts" name="Challenge 21: Integration &gt; Challenge 21a: The live order book &gt; Challenge 21a-2: when the server drops every connection the client reconnects, resynchronises from a snapshot and catches up" time="4.0365082">
            <failure message="Response timeout of 4000ms exceeded" type="Error">
Error: Response timeout of 4000ms exceeded
 ❯ Test._timeoutError node_modules/superagent/src/request-base.js:748:17
 ❯ Timeout.&lt;anonymous&gt; node_modules/superagent/src/request-base.js:771:12

⎯⎯⎯⎯⎯⎯⎯⎯⎯⎯⎯⎯⎯⎯⎯⎯⎯⎯⎯⎯⎯⎯⎯⎯⎯⎯⎯⎯⎯⎯⎯⎯⎯⎯⎯⎯⎯⎯⎯⎯⎯⎯⎯⎯⎯⎯⎯⎯⎯⎯⎯⎯⎯⎯⎯⎯⎯⎯⎯⎯⎯⎯⎯⎯⎯⎯⎯⎯⎯⎯⎯⎯⎯⎯⎯⎯⎯⎯⎯⎯⎯⎯⎯⎯⎯⎯⎯⎯⎯⎯⎯⎯⎯⎯⎯⎯⎯⎯⎯⎯⎯⎯⎯⎯⎯⎯⎯⎯⎯⎯⎯⎯⎯⎯⎯
Serialized Error: { timeout: 4000, code: &apos;ECONNABORTED&apos;, errno: &apos;ETIMEDOUT&apos;, response: undefined }
            </failure>
        </testcase>
        <testcase classname="tests/challenge21.test.ts" name="Challenge 21: Integration &gt; Challenge 21b: From trades to settlement &gt; Challenge 21b-1: trades taken from the API net down without changing anyone&apos;s position, and their fees balance exactly" time="4.0429853">
            <failure message="Property failed after 1 tests
{ seed: -1035138449, path: &quot;0&quot;, endOnFailure: true }
Counterexample: [[{&quot;account&quot;:0,&quot;side&quot;:&quot;sell&quot;,&quot;price&quot;:104,&quot;quantity&quot;:2,&quot;cancel&quot;:false},{&quot;account&quot;:2,&quot;side&quot;:&quot;sell&quot;,&quot;price&quot;:101,&quot;quantity&quot;:3,&quot;cancel&quot;:true},{&quot;account&quot;:3,&quot;side&quot;:&quot;buy&quot;,&quot;price&quot;:96,&quot;quantity&quot;:9,&quot;cancel&quot;:false},{&quot;account&quot;:2,&quot;side&quot;:&quot;sell&quot;,&quot;price&quot;:96,&quot;quantity&quot;:3,&quot;cancel&quot;:true},{&quot;account&quot;:2,&quot;side&quot;:&quot;sell&quot;,&quot;price&quot;:96,&quot;quantity&quot;:3,&quot;cancel&quot;:false},{&quot;account&quot;:1,&quot;side&quot;:&quot;sell&quot;,&quot;price&quot;:98,&quot;quantity&quot;:9,&quot;cancel&quot;:false},{&quot;account&quot;:0,&quot;side&quot;:&quot;buy&quot;,&quot;price&quot;:97,&quot;quantity&quot;:8,&quot;cancel&quot;:false},{&quot;account&quot;:2,&quot;side&quot;:&quot;sell&quot;,&quot;price&quot;:98,&quot;quantity&quot;:5,&quot;cancel&quot;:true},{&quot;account&quot;:3,&quot;side&quot;:&quot;sell&quot;,&quot;price&quot;:101,&quot;quantity&quot;:5,&quot;cancel&quot;:false},{&quot;account&quot;:0,&quot;side&quot;:&quot;sell&quot;,&quot;price&quot;:103,&quot;quantity&quot;:3,&quot;cancel&quot;:true}]]
Shrunk 0 time(s)
Got error: Response timeout of 4000ms exceeded
    at Test._timeoutError (D:\Projects\DevQuest\ac6c08fc-c7f9-4a56-a6f9-ed7d4361b636\node_modules\superagent\src\request-base.js:748:17)
    at Timeout.&lt;anonymous&gt; (D:\Projects\DevQuest\ac6c08fc-c7f9-4a56-a6f9-ed7d4361b636\node_modules\superagent\src\request-base.js:771:12)
    at listOnTimeout (node:internal/timers:614:17)
    at processTimers (node:internal/timers:549:7)

Hint: Enable verbose mode in order to have the list of all failing values encountered during the run" type="Error">
Error: Property failed after 1 tests
{ seed: -1035138449, path: &quot;0&quot;, endOnFailure: true }
Counterexample: [[{&quot;account&quot;:0,&quot;side&quot;:&quot;sell&quot;,&quot;price&quot;:104,&quot;quantity&quot;:2,&quot;cancel&quot;:false},{&quot;account&quot;:2,&quot;side&quot;:&quot;sell&quot;,&quot;price&quot;:101,&quot;quantity&quot;:3,&quot;cancel&quot;:true},{&quot;account&quot;:3,&quot;side&quot;:&quot;buy&quot;,&quot;price&quot;:96,&quot;quantity&quot;:9,&quot;cancel&quot;:false},{&quot;account&quot;:2,&quot;side&quot;:&quot;sell&quot;,&quot;price&quot;:96,&quot;quantity&quot;:3,&quot;cancel&quot;:true},{&quot;account&quot;:2,&quot;side&quot;:&quot;sell&quot;,&quot;price&quot;:96,&quot;quantity&quot;:3,&quot;cancel&quot;:false},{&quot;account&quot;:1,&quot;side&quot;:&quot;sell&quot;,&quot;price&quot;:98,&quot;quantity&quot;:9,&quot;cancel&quot;:false},{&quot;account&quot;:0,&quot;side&quot;:&quot;buy&quot;,&quot;price&quot;:97,&quot;quantity&quot;:8,&quot;cancel&quot;:false},{&quot;account&quot;:2,&quot;side&quot;:&quot;sell&quot;,&quot;price&quot;:98,&quot;quantity&quot;:5,&quot;cancel&quot;:true},{&quot;account&quot;:3,&quot;side&quot;:&quot;sell&quot;,&quot;price&quot;:101,&quot;quantity&quot;:5,&quot;cancel&quot;:false},{&quot;account&quot;:0,&quot;side&quot;:&quot;sell&quot;,&quot;price&quot;:103,&quot;quantity&quot;:3,&quot;cancel&quot;:true}]]
Shrunk 0 time(s)
Got error: Response timeout of 4000ms exceeded
    at Test._timeoutError (D:\Projects\DevQuest\ac6c08fc-c7f9-4a56-a6f9-ed7d4361b636\node_modules\superagent\src\request-base.js:748:17)
    at Timeout.&lt;anonymous&gt; (D:\Projects\DevQuest\ac6c08fc-c7f9-4a56-a6f9-ed7d4361b636\node_modules\superagent\src\request-base.js:771:12)
    at listOnTimeout (node:internal/timers:614:17)
    at processTimers (node:internal/timers:549:7)

Hint: Enable verbose mode in order to have the list of all failing values encountered during the run
 ❯ Test._timeoutError node_modules/superagent/src/request-base.js:748:17
 ❯ Timeout.&lt;anonymous&gt; node_modules/superagent/src/request-base.js:771:12
 ❯ buildError node_modules/fast-check/lib/esm/check/runner/utils/RunDetailsFormatter.js:126:15
 ❯ asyncThrowIfFailed node_modules/fast-check/lib/esm/check/runner/utils/RunDetailsFormatter.js:143:11
            </failure>
        </testcase>
        <testcase classname="tests/challenge21.test.ts" name="Challenge 21: Integration &gt; Challenge 21c: The dashboard on real data &gt; Challenge 21c-1: after the demo seed and some trading, the dashboard&apos;s summary, account list and recent trades agree with the API and the database" time="4.0563718">
            <failure message="Response timeout of 4000ms exceeded" type="Error">
Error: Response timeout of 4000ms exceeded
 ❯ Test._timeoutError node_modules/superagent/src/request-base.js:748:17
 ❯ Timeout.&lt;anonymous&gt; node_modules/superagent/src/request-base.js:771:12

⎯⎯⎯⎯⎯⎯⎯⎯⎯⎯⎯⎯⎯⎯⎯⎯⎯⎯⎯⎯⎯⎯⎯⎯⎯⎯⎯⎯⎯⎯⎯⎯⎯⎯⎯⎯⎯⎯⎯⎯⎯⎯⎯⎯⎯⎯⎯⎯⎯⎯⎯⎯⎯⎯⎯⎯⎯⎯⎯⎯⎯⎯⎯⎯⎯⎯⎯⎯⎯⎯⎯⎯⎯⎯⎯⎯⎯⎯⎯⎯⎯⎯⎯⎯⎯⎯⎯⎯⎯⎯⎯⎯⎯⎯⎯⎯⎯⎯⎯⎯⎯⎯⎯⎯⎯⎯⎯⎯⎯⎯⎯⎯⎯⎯⎯
Serialized Error: { timeout: 4000, code: &apos;ECONNABORTED&apos;, errno: &apos;ETIMEDOUT&apos;, response: undefined }
            </failure>
        </testcase>
    </testsuite>
    <testsuite name="tests/_sanity.test.ts" timestamp="2026-09-21T04:51:51.161Z" hostname="DESKTOP-N3914BI" tests="11" failures="0" errors="0" skipped="0" time="1.0721052">
        <testcase classname="tests/_sanity.test.ts" name="Environment Sanity Tests &gt; Node.js is version 18.19 or newer (20 or 22 recommended)" time="0.0011612">
        </testcase>
        <testcase classname="tests/_sanity.test.ts" name="Environment Sanity Tests &gt; Dependencies are installed (run `npm install` if this fails)" time="0.6743927">
        </testcase>
        <testcase classname="tests/_sanity.test.ts" name="Environment Sanity Tests &gt; .env file exists with PORT and JWT_PRIVATE_KEY" time="0.0006539">
        </testcase>
        <testcase classname="tests/_sanity.test.ts" name="Environment Sanity Tests &gt; The server module loads and a test session can be created" time="0.0001223">
        </testcase>
        <testcase classname="tests/_sanity.test.ts" name="Environment Sanity Tests &gt; Database connection works" time="0.0009733">
        </testcase>
        <testcase classname="tests/_sanity.test.ts" name="Environment Sanity Tests &gt; Migrations apply and every required table exists" time="0.0013438">
        </testcase>
        <testcase classname="tests/_sanity.test.ts" name="Environment Sanity Tests &gt; The local database file exists (run `npm run migrate` if this fails)" time="0.0006439">
            <system-out>


======= IMPORTANT NOTICE =======
`npm start` uses the local SQLite file main.sqlite3.
This test FAILS if you have not run:
  npm run migrate
  npm run seed
================================



            </system-out>
        </testcase>
        <testcase classname="tests/_sanity.test.ts" name="Environment Sanity Tests &gt; The asset registry endpoint responds with the supported assets" time="0.275709">
        </testcase>
        <testcase classname="tests/_sanity.test.ts" name="Environment Sanity Tests &gt; Routes exist: unknown paths are 404, real ones are not" time="0.0288107">
        </testcase>
        <testcase classname="tests/_sanity.test.ts" name="Environment Sanity Tests &gt; The property-testing library works" time="0.0025681">
        </testcase>
        <testcase classname="tests/_sanity.test.ts" name="Environment Sanity Tests &gt; The protected test helpers are in place" time="0.0005133">
        </testcase>
    </testsuite>
</testsuites>
